{"/Users/martin/projects/pogodoc-sdks/sdks/typescript/src/index.ts": {"path":"/Users/martin/projects/pogodoc-sdks/sdks/typescript/src/index.ts","all":false,"statementMap":{"0":{"start":{"line":1,"column":0},"end":{"line":1,"column":48}},"1":{"start":{"line":2,"column":0},"end":{"line":2,"column":41}},"8":{"start":{"line":9,"column":0},"end":{"line":9,"column":44}},"9":{"start":{"line":10,"column":0},"end":{"line":10,"column":34}},"12":{"start":{"line":13,"column":0},"end":{"line":13,"column":46}},"13":{"start":{"line":14,"column":0},"end":{"line":14,"column":22}},"14":{"start":{"line":15,"column":0},"end":{"line":15,"column":9}},"15":{"start":{"line":16,"column":0},"end":{"line":16,"column":11}},"16":{"start":{"line":17,"column":0},"end":{"line":17,"column":6}},"18":{"start":{"line":19,"column":0},"end":{"line":19,"column":29}},"19":{"start":{"line":20,"column":0},"end":{"line":20,"column":39}},"20":{"start":{"line":21,"column":0},"end":{"line":21,"column":42}},"22":{"start":{"line":23,"column":0},"end":{"line":23,"column":50}},"23":{"start":{"line":24,"column":0},"end":{"line":24,"column":19}},"24":{"start":{"line":25,"column":0},"end":{"line":25,"column":31}},"25":{"start":{"line":26,"column":0},"end":{"line":26,"column":14}},"26":{"start":{"line":27,"column":0},"end":{"line":27,"column":7}},"27":{"start":{"line":28,"column":0},"end":{"line":28,"column":3}},"29":{"start":{"line":30,"column":0},"end":{"line":30,"column":36}},"30":{"start":{"line":31,"column":0},"end":{"line":31,"column":12}},"31":{"start":{"line":32,"column":0},"end":{"line":32,"column":18}},"32":{"start":{"line":33,"column":0},"end":{"line":33,"column":15}},"33":{"start":{"line":34,"column":0},"end":{"line":34,"column":46}},"34":{"start":{"line":35,"column":0},"end":{"line":35,"column":61}},"35":{"start":{"line":36,"column":0},"end":{"line":36,"column":56}},"36":{"start":{"line":37,"column":0},"end":{"line":37,"column":28}},"37":{"start":{"line":38,"column":0},"end":{"line":38,"column":33}},"38":{"start":{"line":39,"column":0},"end":{"line":39,"column":14}},"39":{"start":{"line":40,"column":0},"end":{"line":40,"column":20}},"40":{"start":{"line":41,"column":0},"end":{"line":41,"column":23}},"41":{"start":{"line":42,"column":0},"end":{"line":42,"column":6}},"43":{"start":{"line":44,"column":0},"end":{"line":44,"column":58}},"45":{"start":{"line":46,"column":0},"end":{"line":46,"column":38}},"46":{"start":{"line":47,"column":0},"end":{"line":47,"column":65}},"47":{"start":{"line":48,"column":0},"end":{"line":48,"column":28}},"48":{"start":{"line":49,"column":0},"end":{"line":49,"column":34}},"49":{"start":{"line":50,"column":0},"end":{"line":50,"column":9}},"51":{"start":{"line":52,"column":0},"end":{"line":52,"column":58}},"52":{"start":{"line":53,"column":0},"end":{"line":53,"column":21}},"53":{"start":{"line":54,"column":0},"end":{"line":54,"column":30}},"54":{"start":{"line":55,"column":0},"end":{"line":55,"column":42}},"55":{"start":{"line":56,"column":0},"end":{"line":56,"column":28}},"56":{"start":{"line":57,"column":0},"end":{"line":57,"column":40}},"57":{"start":{"line":58,"column":0},"end":{"line":58,"column":40}},"58":{"start":{"line":59,"column":0},"end":{"line":59,"column":40}},"59":{"start":{"line":60,"column":0},"end":{"line":60,"column":8}},"60":{"start":{"line":61,"column":0},"end":{"line":61,"column":19}},"61":{"start":{"line":62,"column":0},"end":{"line":62,"column":35}},"62":{"start":{"line":63,"column":0},"end":{"line":63,"column":35}},"63":{"start":{"line":64,"column":0},"end":{"line":64,"column":8}},"64":{"start":{"line":65,"column":0},"end":{"line":65,"column":7}},"66":{"start":{"line":67,"column":0},"end":{"line":67,"column":22}},"67":{"start":{"line":68,"column":0},"end":{"line":68,"column":3}},"69":{"start":{"line":70,"column":0},"end":{"line":70,"column":24}},"70":{"start":{"line":71,"column":0},"end":{"line":71,"column":9}},"71":{"start":{"line":72,"column":0},"end":{"line":72,"column":11}},"72":{"start":{"line":73,"column":0},"end":{"line":73,"column":6}},"75":{"start":{"line":76,"column":0},"end":{"line":76,"column":28}},"76":{"start":{"line":77,"column":0},"end":{"line":77,"column":39}},"77":{"start":{"line":78,"column":0},"end":{"line":78,"column":42}},"79":{"start":{"line":80,"column":0},"end":{"line":80,"column":52}},"80":{"start":{"line":81,"column":0},"end":{"line":81,"column":19}},"81":{"start":{"line":82,"column":0},"end":{"line":82,"column":31}},"82":{"start":{"line":83,"column":0},"end":{"line":83,"column":14}},"83":{"start":{"line":84,"column":0},"end":{"line":84,"column":7}},"84":{"start":{"line":85,"column":0},"end":{"line":85,"column":3}},"86":{"start":{"line":87,"column":0},"end":{"line":87,"column":38}},"87":{"start":{"line":88,"column":0},"end":{"line":88,"column":12}},"88":{"start":{"line":89,"column":0},"end":{"line":89,"column":18}},"89":{"start":{"line":90,"column":0},"end":{"line":90,"column":15}},"90":{"start":{"line":91,"column":0},"end":{"line":91,"column":45}},"91":{"start":{"line":92,"column":0},"end":{"line":92,"column":60}},"92":{"start":{"line":93,"column":0},"end":{"line":93,"column":56}},"94":{"start":{"line":95,"column":0},"end":{"line":95,"column":28}},"95":{"start":{"line":96,"column":0},"end":{"line":96,"column":33}},"96":{"start":{"line":97,"column":0},"end":{"line":97,"column":14}},"97":{"start":{"line":98,"column":0},"end":{"line":98,"column":20}},"98":{"start":{"line":99,"column":0},"end":{"line":99,"column":23}},"99":{"start":{"line":100,"column":0},"end":{"line":100,"column":6}},"101":{"start":{"line":102,"column":0},"end":{"line":102,"column":57}},"103":{"start":{"line":104,"column":0},"end":{"line":104,"column":38}},"104":{"start":{"line":105,"column":0},"end":{"line":105,"column":64}},"105":{"start":{"line":106,"column":0},"end":{"line":106,"column":28}},"106":{"start":{"line":107,"column":0},"end":{"line":107,"column":34}},"107":{"start":{"line":108,"column":0},"end":{"line":108,"column":9}},"109":{"start":{"line":110,"column":0},"end":{"line":110,"column":62}},"110":{"start":{"line":111,"column":0},"end":{"line":111,"column":16}},"111":{"start":{"line":112,"column":0},"end":{"line":112,"column":21}},"112":{"start":{"line":113,"column":0},"end":{"line":113,"column":30}},"113":{"start":{"line":114,"column":0},"end":{"line":114,"column":42}},"114":{"start":{"line":115,"column":0},"end":{"line":115,"column":28}},"115":{"start":{"line":116,"column":0},"end":{"line":116,"column":40}},"116":{"start":{"line":117,"column":0},"end":{"line":117,"column":40}},"117":{"start":{"line":118,"column":0},"end":{"line":118,"column":40}},"118":{"start":{"line":119,"column":0},"end":{"line":119,"column":8}},"119":{"start":{"line":120,"column":0},"end":{"line":120,"column":19}},"120":{"start":{"line":121,"column":0},"end":{"line":121,"column":35}},"121":{"start":{"line":122,"column":0},"end":{"line":122,"column":35}},"122":{"start":{"line":123,"column":0},"end":{"line":123,"column":8}},"123":{"start":{"line":124,"column":0},"end":{"line":124,"column":7}},"125":{"start":{"line":126,"column":0},"end":{"line":126,"column":21}},"126":{"start":{"line":127,"column":0},"end":{"line":127,"column":3}},"128":{"start":{"line":129,"column":0},"end":{"line":129,"column":26}},"129":{"start":{"line":130,"column":0},"end":{"line":130,"column":13}},"130":{"start":{"line":131,"column":0},"end":{"line":131,"column":15}},"131":{"start":{"line":132,"column":0},"end":{"line":132,"column":9}},"132":{"start":{"line":133,"column":0},"end":{"line":133,"column":17}},"133":{"start":{"line":134,"column":0},"end":{"line":134,"column":34}},"134":{"start":{"line":135,"column":0},"end":{"line":135,"column":29}},"135":{"start":{"line":136,"column":0},"end":{"line":136,"column":53}},"136":{"start":{"line":137,"column":0},"end":{"line":137,"column":30}},"137":{"start":{"line":138,"column":0},"end":{"line":138,"column":34}},"138":{"start":{"line":139,"column":0},"end":{"line":139,"column":17}},"139":{"start":{"line":140,"column":0},"end":{"line":140,"column":42}},"140":{"start":{"line":141,"column":0},"end":{"line":141,"column":6}},"142":{"start":{"line":143,"column":0},"end":{"line":143,"column":79}},"144":{"start":{"line":145,"column":0},"end":{"line":145,"column":44}},"145":{"start":{"line":146,"column":0},"end":{"line":146,"column":49}},"147":{"start":{"line":148,"column":0},"end":{"line":148,"column":46}},"148":{"start":{"line":149,"column":0},"end":{"line":149,"column":30}},"149":{"start":{"line":150,"column":0},"end":{"line":150,"column":44}},"150":{"start":{"line":151,"column":0},"end":{"line":151,"column":19}},"151":{"start":{"line":152,"column":0},"end":{"line":152,"column":26}},"152":{"start":{"line":153,"column":0},"end":{"line":153,"column":26}},"153":{"start":{"line":154,"column":0},"end":{"line":154,"column":8}},"154":{"start":{"line":155,"column":0},"end":{"line":155,"column":5}},"156":{"start":{"line":157,"column":0},"end":{"line":157,"column":62}},"157":{"start":{"line":158,"column":0},"end":{"line":158,"column":30}},"158":{"start":{"line":159,"column":0},"end":{"line":159,"column":48}},"159":{"start":{"line":160,"column":0},"end":{"line":160,"column":32}},"160":{"start":{"line":161,"column":0},"end":{"line":161,"column":24}},"161":{"start":{"line":162,"column":0},"end":{"line":162,"column":19}},"162":{"start":{"line":163,"column":0},"end":{"line":163,"column":8}},"163":{"start":{"line":164,"column":0},"end":{"line":164,"column":5}},"165":{"start":{"line":166,"column":0},"end":{"line":166,"column":36}},"167":{"start":{"line":168,"column":0},"end":{"line":168,"column":61}},"168":{"start":{"line":169,"column":0},"end":{"line":169,"column":36}},"169":{"start":{"line":170,"column":0},"end":{"line":170,"column":70}},"170":{"start":{"line":171,"column":0},"end":{"line":171,"column":7}},"172":{"start":{"line":173,"column":0},"end":{"line":173,"column":74}},"174":{"start":{"line":175,"column":0},"end":{"line":175,"column":19}},"175":{"start":{"line":176,"column":0},"end":{"line":176,"column":3}},"176":{"start":{"line":177,"column":0},"end":{"line":177,"column":1}},"178":{"start":{"line":179,"column":0},"end":{"line":179,"column":29}}},"s":{"0":1,"1":1,"8":1,"9":1,"12":1,"13":1,"14":1,"15":1,"16":1,"18":1,"19":1,"20":1,"22":1,"23":1,"24":1,"25":1,"26":1,"27":1,"29":1,"30":1,"31":1,"32":1,"33":1,"34":1,"35":1,"36":1,"37":1,"38":1,"39":1,"40":1,"41":1,"43":1,"45":1,"46":1,"47":1,"48":1,"49":1,"51":1,"52":1,"53":1,"54":1,"55":1,"56":1,"57":1,"58":1,"59":1,"60":1,"61":1,"62":1,"63":1,"64":1,"66":1,"67":1,"69":1,"70":0,"71":0,"72":0,"75":0,"76":0,"77":0,"79":0,"80":0,"81":0,"82":0,"83":0,"84":0,"86":1,"87":0,"88":0,"89":0,"90":0,"91":0,"92":0,"94":0,"95":0,"96":0,"97":0,"98":0,"99":0,"101":0,"103":0,"104":0,"105":0,"106":0,"107":0,"109":0,"110":0,"111":0,"112":0,"113":0,"114":0,"115":0,"116":0,"117":0,"118":0,"119":0,"120":0,"121":0,"122":0,"123":0,"125":0,"126":0,"128":1,"129":1,"130":1,"131":1,"132":1,"133":1,"134":1,"135":1,"136":1,"137":1,"138":1,"139":1,"140":1,"142":1,"144":1,"145":1,"147":1,"148":1,"149":1,"150":1,"151":1,"152":1,"153":1,"154":1,"156":1,"157":0,"158":0,"159":0,"160":0,"161":0,"162":0,"163":0,"165":1,"167":1,"168":1,"169":1,"170":1,"172":1,"174":1,"175":1,"176":1,"178":1},"branchMap":{"0":{"type":"branch","line":14,"loc":{"start":{"line":14,"column":2},"end":{"line":28,"column":3}},"locations":[{"start":{"line":14,"column":2},"end":{"line":28,"column":3}}]},"1":{"type":"branch","line":30,"loc":{"start":{"line":30,"column":2},"end":{"line":68,"column":3}},"locations":[{"start":{"line":30,"column":2},"end":{"line":68,"column":3}}]},"2":{"type":"branch","line":129,"loc":{"start":{"line":129,"column":2},"end":{"line":176,"column":3}},"locations":[{"start":{"line":129,"column":2},"end":{"line":176,"column":3}}]},"3":{"type":"branch","line":157,"loc":{"start":{"line":157,"column":8},"end":{"line":157,"column":61}},"locations":[{"start":{"line":157,"column":8},"end":{"line":157,"column":61}}]},"4":{"type":"branch","line":157,"loc":{"start":{"line":157,"column":61},"end":{"line":164,"column":5}},"locations":[{"start":{"line":157,"column":61},"end":{"line":164,"column":5}}]}},"b":{"0":[1],"1":[1],"2":[1],"3":[0],"4":[0]},"fnMap":{"0":{"name":"saveTemplate","decl":{"start":{"line":14,"column":2},"end":{"line":28,"column":3}},"loc":{"start":{"line":14,"column":2},"end":{"line":28,"column":3}},"line":14},"1":{"name":"saveTemplateFromFileStream","decl":{"start":{"line":30,"column":2},"end":{"line":68,"column":3}},"loc":{"start":{"line":30,"column":2},"end":{"line":68,"column":3}},"line":30},"2":{"name":"updateTemplate","decl":{"start":{"line":70,"column":2},"end":{"line":85,"column":3}},"loc":{"start":{"line":70,"column":2},"end":{"line":85,"column":3}},"line":70},"3":{"name":"updateTemplateFromFileStream","decl":{"start":{"line":87,"column":2},"end":{"line":127,"column":3}},"loc":{"start":{"line":87,"column":2},"end":{"line":127,"column":3}},"line":87},"4":{"name":"generateDocument","decl":{"start":{"line":129,"column":2},"end":{"line":176,"column":3}},"loc":{"start":{"line":129,"column":2},"end":{"line":176,"column":3}},"line":129}},"f":{"0":1,"1":1,"2":0,"3":0,"4":1}}
,"/Users/martin/projects/pogodoc-sdks/sdks/typescript/src/test.ts": {"path":"/Users/martin/projects/pogodoc-sdks/sdks/typescript/src/test.ts","all":true,"statementMap":{"0":{"start":{"line":1,"column":0},"end":{"line":1,"column":30}},"1":{"start":{"line":2,"column":0},"end":{"line":2,"column":28}},"2":{"start":{"line":3,"column":0},"end":{"line":3,"column":20}},"4":{"start":{"line":5,"column":0},"end":{"line":5,"column":16}},"6":{"start":{"line":7,"column":0},"end":{"line":7,"column":67}},"7":{"start":{"line":8,"column":0},"end":{"line":8,"column":63}},"9":{"start":{"line":10,"column":0},"end":{"line":10,"column":34}},"10":{"start":{"line":11,"column":0},"end":{"line":11,"column":45}},"11":{"start":{"line":12,"column":0},"end":{"line":12,"column":45}},"12":{"start":{"line":13,"column":0},"end":{"line":13,"column":3}},"14":{"start":{"line":15,"column":0},"end":{"line":15,"column":23}},"15":{"start":{"line":16,"column":0},"end":{"line":16,"column":48}},"16":{"start":{"line":17,"column":0},"end":{"line":17,"column":23}},"17":{"start":{"line":18,"column":0},"end":{"line":18,"column":21}},"18":{"start":{"line":19,"column":0},"end":{"line":19,"column":36}},"19":{"start":{"line":20,"column":0},"end":{"line":20,"column":17}},"20":{"start":{"line":21,"column":0},"end":{"line":21,"column":28}},"21":{"start":{"line":22,"column":0},"end":{"line":22,"column":27}},"22":{"start":{"line":23,"column":0},"end":{"line":23,"column":5}},"24":{"start":{"line":25,"column":0},"end":{"line":25,"column":40}},"26":{"start":{"line":27,"column":0},"end":{"line":27,"column":20}},"27":{"start":{"line":28,"column":0},"end":{"line":28,"column":47}},"28":{"start":{"line":29,"column":0},"end":{"line":29,"column":3}},"30":{"start":{"line":31,"column":0},"end":{"line":31,"column":56}},"31":{"start":{"line":32,"column":0},"end":{"line":32,"column":23}},"32":{"start":{"line":33,"column":0},"end":{"line":33,"column":27}},"33":{"start":{"line":34,"column":0},"end":{"line":34,"column":21}},"34":{"start":{"line":35,"column":0},"end":{"line":35,"column":36}},"35":{"start":{"line":36,"column":0},"end":{"line":36,"column":17}},"36":{"start":{"line":37,"column":0},"end":{"line":37,"column":28}},"37":{"start":{"line":38,"column":0},"end":{"line":38,"column":27}},"38":{"start":{"line":39,"column":0},"end":{"line":39,"column":5}},"40":{"start":{"line":41,"column":0},"end":{"line":41,"column":52}},"42":{"start":{"line":43,"column":0},"end":{"line":43,"column":70}},"43":{"start":{"line":44,"column":0},"end":{"line":44,"column":14}},"44":{"start":{"line":45,"column":0},"end":{"line":45,"column":4}},"46":{"start":{"line":47,"column":0},"end":{"line":47,"column":44}},"48":{"start":{"line":49,"column":0},"end":{"line":49,"column":56}},"49":{"start":{"line":50,"column":0},"end":{"line":50,"column":55}},"50":{"start":{"line":51,"column":0},"end":{"line":51,"column":21}},"51":{"start":{"line":52,"column":0},"end":{"line":52,"column":19}},"52":{"start":{"line":53,"column":0},"end":{"line":53,"column":19}},"53":{"start":{"line":54,"column":0},"end":{"line":54,"column":20}},"54":{"start":{"line":55,"column":0},"end":{"line":55,"column":19}},"55":{"start":{"line":56,"column":0},"end":{"line":56,"column":20}},"56":{"start":{"line":57,"column":0},"end":{"line":57,"column":18}},"57":{"start":{"line":58,"column":0},"end":{"line":58,"column":8}},"58":{"start":{"line":59,"column":0},"end":{"line":59,"column":6}},"59":{"start":{"line":60,"column":0},"end":{"line":60,"column":40}},"60":{"start":{"line":61,"column":0},"end":{"line":61,"column":5}},"62":{"start":{"line":63,"column":0},"end":{"line":63,"column":48}},"64":{"start":{"line":65,"column":0},"end":{"line":65,"column":71}},"65":{"start":{"line":66,"column":0},"end":{"line":66,"column":43}},"66":{"start":{"line":67,"column":0},"end":{"line":67,"column":29}},"67":{"start":{"line":68,"column":0},"end":{"line":68,"column":17}},"68":{"start":{"line":69,"column":0},"end":{"line":69,"column":18}},"69":{"start":{"line":70,"column":0},"end":{"line":70,"column":5}},"71":{"start":{"line":72,"column":0},"end":{"line":72,"column":50}},"114":{"start":{"line":115,"column":0},"end":{"line":115,"column":1}},"116":{"start":{"line":117,"column":0},"end":{"line":117,"column":7}},"118":{"start":{"line":119,"column":0},"end":{"line":119,"column":41}},"119":{"start":{"line":120,"column":0},"end":{"line":120,"column":7}},"120":{"start":{"line":121,"column":0},"end":{"line":121,"column":57}},"121":{"start":{"line":122,"column":0},"end":{"line":122,"column":40}},"123":{"start":{"line":124,"column":0},"end":{"line":124,"column":16}},"124":{"start":{"line":125,"column":0},"end":{"line":125,"column":19}},"125":{"start":{"line":126,"column":0},"end":{"line":126,"column":57}},"126":{"start":{"line":127,"column":0},"end":{"line":127,"column":3}},"127":{"start":{"line":128,"column":0},"end":{"line":128,"column":1}}},"s":{"0":0,"1":0,"2":0,"4":0,"6":0,"7":0,"9":0,"10":0,"11":0,"12":0,"14":0,"15":0,"16":0,"17":0,"18":0,"19":0,"20":0,"21":0,"22":0,"24":0,"26":0,"27":0,"28":0,"30":0,"31":0,"32":0,"33":0,"34":0,"35":0,"36":0,"37":0,"38":0,"40":0,"42":0,"43":0,"44":0,"46":0,"48":0,"49":0,"50":0,"51":0,"52":0,"53":0,"54":0,"55":0,"56":0,"57":0,"58":0,"59":0,"60":0,"62":0,"64":0,"65":0,"66":0,"67":0,"68":0,"69":0,"71":0,"114":0,"116":0,"118":0,"119":0,"120":0,"121":0,"123":0,"124":0,"125":0,"126":0,"127":0},"branchMap":{"0":{"type":"branch","line":1,"loc":{"start":{"line":1,"column":3336},"end":{"line":128,"column":1}},"locations":[{"start":{"line":1,"column":3336},"end":{"line":128,"column":1}}]}},"b":{"0":[0]},"fnMap":{"0":{"name":"(empty-report)","decl":{"start":{"line":1,"column":3336},"end":{"line":128,"column":1}},"loc":{"start":{"line":1,"column":3336},"end":{"line":128,"column":1}},"line":1}},"f":{"0":0}}
,"/Users/martin/projects/pogodoc-sdks/sdks/typescript/src/types.ts": {"path":"/Users/martin/projects/pogodoc-sdks/sdks/typescript/src/types.ts","all":true,"statementMap":{},"s":{},"branchMap":{"0":{"type":"branch","line":1,"loc":{"start":{"line":1,"column":1383},"end":{"line":68,"column":2}},"locations":[{"start":{"line":1,"column":1383},"end":{"line":68,"column":2}}]}},"b":{"0":[1]},"fnMap":{"0":{"name":"(empty-report)","decl":{"start":{"line":1,"column":1383},"end":{"line":68,"column":2}},"loc":{"start":{"line":1,"column":1383},"end":{"line":68,"column":2}},"line":1}},"f":{"0":1}}
,"/Users/martin/projects/pogodoc-sdks/sdks/typescript/src/utils.ts": {"path":"/Users/martin/projects/pogodoc-sdks/sdks/typescript/src/utils.ts","all":false,"statementMap":{"0":{"start":{"line":1,"column":0},"end":{"line":1,"column":26}},"5":{"start":{"line":6,"column":0},"end":{"line":6,"column":40}},"6":{"start":{"line":7,"column":0},"end":{"line":7,"column":23}},"7":{"start":{"line":8,"column":0},"end":{"line":8,"column":19}},"8":{"start":{"line":9,"column":0},"end":{"line":9,"column":17}},"9":{"start":{"line":10,"column":0},"end":{"line":10,"column":22}},"10":{"start":{"line":11,"column":0},"end":{"line":11,"column":27}},"11":{"start":{"line":12,"column":0},"end":{"line":12,"column":7}},"12":{"start":{"line":13,"column":0},"end":{"line":13,"column":42}},"13":{"start":{"line":14,"column":0},"end":{"line":14,"column":31}},"14":{"start":{"line":15,"column":0},"end":{"line":15,"column":6}},"16":{"start":{"line":17,"column":0},"end":{"line":17,"column":22}},"17":{"start":{"line":18,"column":0},"end":{"line":18,"column":44}},"18":{"start":{"line":19,"column":0},"end":{"line":19,"column":5}},"20":{"start":{"line":21,"column":0},"end":{"line":21,"column":55}},"21":{"start":{"line":22,"column":0},"end":{"line":22,"column":14}},"22":{"start":{"line":23,"column":0},"end":{"line":23,"column":7}},"24":{"start":{"line":25,"column":0},"end":{"line":25,"column":15}},"25":{"start":{"line":26,"column":0},"end":{"line":26,"column":19}},"26":{"start":{"line":27,"column":0},"end":{"line":27,"column":61}},"27":{"start":{"line":28,"column":0},"end":{"line":28,"column":55}},"28":{"start":{"line":29,"column":0},"end":{"line":29,"column":3}},"29":{"start":{"line":30,"column":0},"end":{"line":30,"column":1}}},"s":{"0":1,"5":2,"6":2,"7":2,"8":2,"9":2,"10":2,"11":2,"12":2,"13":2,"14":2,"16":2,"17":2,"18":2,"20":2,"21":2,"22":2,"24":2,"25":2,"26":0,"27":0,"28":0,"29":2},"branchMap":{"0":{"type":"branch","line":6,"loc":{"start":{"line":6,"column":0},"end":{"line":30,"column":1}},"locations":[{"start":{"line":6,"column":0},"end":{"line":30,"column":1}}]},"1":{"type":"branch","line":26,"loc":{"start":{"line":26,"column":2},"end":{"line":29,"column":3}},"locations":[{"start":{"line":26,"column":2},"end":{"line":29,"column":3}}]}},"b":{"0":[2],"1":[0]},"fnMap":{"0":{"name":"uploadToS3WithUrl","decl":{"start":{"line":6,"column":0},"end":{"line":30,"column":1}},"loc":{"start":{"line":6,"column":0},"end":{"line":30,"column":1}},"line":6}},"f":{"0":2}}
,"/Users/martin/projects/pogodoc-sdks/sdks/typescript/src/sdk/Client.ts": {"path":"/Users/martin/projects/pogodoc-sdks/sdks/typescript/src/sdk/Client.ts","all":false,"statementMap":{"4":{"start":{"line":5,"column":0},"end":{"line":5,"column":50}},"5":{"start":{"line":6,"column":0},"end":{"line":6,"column":40}},"6":{"start":{"line":7,"column":0},"end":{"line":7,"column":31}},"7":{"start":{"line":8,"column":0},"end":{"line":8,"column":44}},"8":{"start":{"line":9,"column":0},"end":{"line":9,"column":71}},"9":{"start":{"line":10,"column":0},"end":{"line":10,"column":71}},"10":{"start":{"line":11,"column":0},"end":{"line":11,"column":65}},"32":{"start":{"line":33,"column":0},"end":{"line":33,"column":31}},"37":{"start":{"line":38,"column":0},"end":{"line":38,"column":78}},"39":{"start":{"line":40,"column":0},"end":{"line":40,"column":39}},"40":{"start":{"line":41,"column":0},"end":{"line":41,"column":66}},"41":{"start":{"line":42,"column":0},"end":{"line":42,"column":5}},"43":{"start":{"line":44,"column":0},"end":{"line":44,"column":39}},"44":{"start":{"line":45,"column":0},"end":{"line":45,"column":66}},"45":{"start":{"line":46,"column":0},"end":{"line":46,"column":5}},"47":{"start":{"line":48,"column":0},"end":{"line":48,"column":33}},"48":{"start":{"line":49,"column":0},"end":{"line":49,"column":60}},"49":{"start":{"line":50,"column":0},"end":{"line":50,"column":5}},"57":{"start":{"line":58,"column":0},"end":{"line":58,"column":104}},"58":{"start":{"line":59,"column":0},"end":{"line":59,"column":86}},"59":{"start":{"line":60,"column":0},"end":{"line":60,"column":5}},"61":{"start":{"line":62,"column":0},"end":{"line":62,"column":118}},"62":{"start":{"line":63,"column":0},"end":{"line":63,"column":46}},"63":{"start":{"line":64,"column":0},"end":{"line":64,"column":25}},"64":{"start":{"line":65,"column":0},"end":{"line":65,"column":67}},"65":{"start":{"line":66,"column":0},"end":{"line":66,"column":75}},"66":{"start":{"line":67,"column":0},"end":{"line":67,"column":63}},"67":{"start":{"line":68,"column":0},"end":{"line":68,"column":24}},"68":{"start":{"line":69,"column":0},"end":{"line":69,"column":14}},"69":{"start":{"line":70,"column":0},"end":{"line":70,"column":27}},"70":{"start":{"line":71,"column":0},"end":{"line":71,"column":22}},"71":{"start":{"line":72,"column":0},"end":{"line":72,"column":68}},"72":{"start":{"line":73,"column":0},"end":{"line":73,"column":48}},"73":{"start":{"line":74,"column":0},"end":{"line":74,"column":52}},"74":{"start":{"line":75,"column":0},"end":{"line":75,"column":63}},"75":{"start":{"line":76,"column":0},"end":{"line":76,"column":43}},"76":{"start":{"line":77,"column":0},"end":{"line":77,"column":14}},"77":{"start":{"line":78,"column":0},"end":{"line":78,"column":44}},"78":{"start":{"line":79,"column":0},"end":{"line":79,"column":32}},"79":{"start":{"line":80,"column":0},"end":{"line":80,"column":113}},"80":{"start":{"line":81,"column":0},"end":{"line":81,"column":51}},"81":{"start":{"line":82,"column":0},"end":{"line":82,"column":53}},"82":{"start":{"line":83,"column":0},"end":{"line":83,"column":11}},"83":{"start":{"line":84,"column":0},"end":{"line":84,"column":27}},"84":{"start":{"line":85,"column":0},"end":{"line":85,"column":75}},"85":{"start":{"line":86,"column":0},"end":{"line":86,"column":9}},"87":{"start":{"line":88,"column":0},"end":{"line":88,"column":55}},"88":{"start":{"line":89,"column":0},"end":{"line":89,"column":46}},"89":{"start":{"line":90,"column":0},"end":{"line":90,"column":55}},"90":{"start":{"line":91,"column":0},"end":{"line":91,"column":43}},"91":{"start":{"line":92,"column":0},"end":{"line":92,"column":51}},"92":{"start":{"line":93,"column":0},"end":{"line":93,"column":15}},"93":{"start":{"line":94,"column":0},"end":{"line":94,"column":9}},"95":{"start":{"line":96,"column":0},"end":{"line":96,"column":41}},"96":{"start":{"line":97,"column":0},"end":{"line":97,"column":28}},"97":{"start":{"line":98,"column":0},"end":{"line":98,"column":50}},"98":{"start":{"line":99,"column":0},"end":{"line":99,"column":59}},"99":{"start":{"line":100,"column":0},"end":{"line":100,"column":50}},"100":{"start":{"line":101,"column":0},"end":{"line":101,"column":55}},"101":{"start":{"line":102,"column":0},"end":{"line":102,"column":19}},"102":{"start":{"line":103,"column":0},"end":{"line":103,"column":27}},"103":{"start":{"line":104,"column":0},"end":{"line":104,"column":102}},"104":{"start":{"line":105,"column":0},"end":{"line":105,"column":27}},"105":{"start":{"line":106,"column":0},"end":{"line":106,"column":50}},"106":{"start":{"line":107,"column":0},"end":{"line":107,"column":58}},"107":{"start":{"line":108,"column":0},"end":{"line":108,"column":55}},"108":{"start":{"line":109,"column":0},"end":{"line":109,"column":19}},"109":{"start":{"line":110,"column":0},"end":{"line":110,"column":9}},"110":{"start":{"line":111,"column":0},"end":{"line":111,"column":5}},"112":{"start":{"line":113,"column":0},"end":{"line":113,"column":76}},"113":{"start":{"line":114,"column":0},"end":{"line":114,"column":68}},"114":{"start":{"line":115,"column":0},"end":{"line":115,"column":29}},"115":{"start":{"line":116,"column":0},"end":{"line":116,"column":38}},"116":{"start":{"line":117,"column":0},"end":{"line":117,"column":9}},"118":{"start":{"line":119,"column":0},"end":{"line":119,"column":25}},"119":{"start":{"line":120,"column":0},"end":{"line":120,"column":5}},"120":{"start":{"line":121,"column":0},"end":{"line":121,"column":1}}},"s":{"4":1,"5":1,"6":1,"7":1,"8":1,"9":1,"10":1,"32":1,"37":1,"39":1,"40":46,"41":46,"43":1,"44":25,"45":25,"47":1,"48":0,"49":0,"57":1,"58":0,"59":0,"61":1,"62":0,"63":0,"64":0,"65":0,"66":0,"67":0,"68":0,"69":0,"70":0,"71":0,"72":0,"73":0,"74":0,"75":0,"76":0,"77":0,"78":0,"79":0,"80":0,"81":0,"82":0,"83":0,"84":0,"85":0,"87":0,"88":0,"89":0,"90":0,"91":0,"92":0,"93":0,"95":0,"96":0,"97":0,"98":0,"99":0,"100":0,"101":0,"102":0,"103":0,"104":0,"105":0,"106":0,"107":0,"108":0,"109":0,"110":0,"112":1,"113":0,"114":0,"115":0,"116":0,"118":0,"119":0,"120":1},"branchMap":{"0":{"type":"branch","line":38,"loc":{"start":{"line":38,"column":4},"end":{"line":38,"column":78}},"locations":[{"start":{"line":38,"column":4},"end":{"line":38,"column":78}}]},"1":{"type":"branch","line":40,"loc":{"start":{"line":40,"column":4},"end":{"line":42,"column":5}},"locations":[{"start":{"line":40,"column":4},"end":{"line":42,"column":5}}]},"2":{"type":"branch","line":44,"loc":{"start":{"line":44,"column":4},"end":{"line":46,"column":5}},"locations":[{"start":{"line":44,"column":4},"end":{"line":46,"column":5}}]}},"b":{"0":[2],"1":[46],"2":[25]},"fnMap":{"0":{"name":"PogodocApiClient","decl":{"start":{"line":38,"column":4},"end":{"line":38,"column":78}},"loc":{"start":{"line":38,"column":4},"end":{"line":38,"column":78}},"line":38},"1":{"name":"get templates","decl":{"start":{"line":40,"column":4},"end":{"line":42,"column":5}},"loc":{"start":{"line":40,"column":4},"end":{"line":42,"column":5}},"line":40},"2":{"name":"get documents","decl":{"start":{"line":44,"column":4},"end":{"line":46,"column":5}},"loc":{"start":{"line":44,"column":4},"end":{"line":46,"column":5}},"line":44},"3":{"name":"get tokens","decl":{"start":{"line":48,"column":4},"end":{"line":50,"column":5}},"loc":{"start":{"line":48,"column":4},"end":{"line":50,"column":5}},"line":48},"4":{"name":"postBoshe","decl":{"start":{"line":58,"column":11},"end":{"line":60,"column":5}},"loc":{"start":{"line":58,"column":11},"end":{"line":60,"column":5}},"line":58},"5":{"name":"__postBoshe","decl":{"start":{"line":62,"column":4},"end":{"line":111,"column":5}},"loc":{"start":{"line":62,"column":4},"end":{"line":111,"column":5}},"line":62},"6":{"name":"_getAuthorizationHeader","decl":{"start":{"line":113,"column":4},"end":{"line":120,"column":5}},"loc":{"start":{"line":113,"column":4},"end":{"line":120,"column":5}},"line":113}},"f":{"0":2,"1":46,"2":25,"3":0,"4":0,"5":0,"6":0}}
,"/Users/martin/projects/pogodoc-sdks/sdks/typescript/src/sdk/environments.ts": {"path":"/Users/martin/projects/pogodoc-sdks/sdks/typescript/src/sdk/environments.ts","all":false,"statementMap":{"4":{"start":{"line":5,"column":0},"end":{"line":5,"column":38}},"5":{"start":{"line":6,"column":0},"end":{"line":6,"column":39}},"6":{"start":{"line":7,"column":0},"end":{"line":7,"column":11}}},"s":{"4":1,"5":1,"6":1},"branchMap":{},"b":{},"fnMap":{},"f":{}}
,"/Users/martin/projects/pogodoc-sdks/sdks/typescript/src/sdk/index.ts": {"path":"/Users/martin/projects/pogodoc-sdks/sdks/typescript/src/sdk/index.ts","all":false,"statementMap":{"0":{"start":{"line":1,"column":0},"end":{"line":1,"column":45}},"1":{"start":{"line":2,"column":0},"end":{"line":2,"column":47}},"2":{"start":{"line":3,"column":0},"end":{"line":3,"column":58}},"3":{"start":{"line":4,"column":0},"end":{"line":4,"column":76}}},"s":{"0":1,"1":1,"2":1,"3":1},"branchMap":{},"b":{},"fnMap":{},"f":{}}
,"/Users/martin/projects/pogodoc-sdks/sdks/typescript/src/sdk/api/index.ts": {"path":"/Users/martin/projects/pogodoc-sdks/sdks/typescript/src/sdk/api/index.ts","all":false,"statementMap":{"0":{"start":{"line":1,"column":0},"end":{"line":1,"column":37}}},"s":{"0":1},"branchMap":{},"b":{},"fnMap":{},"f":{}}
,"/Users/martin/projects/pogodoc-sdks/sdks/typescript/src/sdk/api/resources/index.ts": {"path":"/Users/martin/projects/pogodoc-sdks/sdks/typescript/src/sdk/api/resources/index.ts","all":false,"statementMap":{"0":{"start":{"line":1,"column":0},"end":{"line":1,"column":50}},"1":{"start":{"line":2,"column":0},"end":{"line":2,"column":43}},"2":{"start":{"line":3,"column":0},"end":{"line":3,"column":50}},"3":{"start":{"line":4,"column":0},"end":{"line":4,"column":43}},"4":{"start":{"line":5,"column":0},"end":{"line":5,"column":44}},"5":{"start":{"line":6,"column":0},"end":{"line":6,"column":53}},"6":{"start":{"line":7,"column":0},"end":{"line":7,"column":53}}},"s":{"0":1,"1":1,"2":1,"3":1,"4":1,"5":1,"6":1},"branchMap":{},"b":{},"fnMap":{},"f":{}}
,"/Users/martin/projects/pogodoc-sdks/sdks/typescript/src/sdk/api/resources/documents/index.ts": {"path":"/Users/martin/projects/pogodoc-sdks/sdks/typescript/src/sdk/api/resources/documents/index.ts","all":false,"statementMap":{"0":{"start":{"line":1,"column":0},"end":{"line":1,"column":33}},"1":{"start":{"line":2,"column":0},"end":{"line":2,"column":34}}},"s":{"0":1,"1":1},"branchMap":{},"b":{},"fnMap":{},"f":{}}
,"/Users/martin/projects/pogodoc-sdks/sdks/typescript/src/sdk/api/resources/documents/client/Client.ts": {"path":"/Users/martin/projects/pogodoc-sdks/sdks/typescript/src/sdk/api/resources/documents/client/Client.ts","all":false,"statementMap":{"4":{"start":{"line":5,"column":0},"end":{"line":5,"column":60}},"5":{"start":{"line":6,"column":0},"end":{"line":6,"column":50}},"7":{"start":{"line":8,"column":0},"end":{"line":8,"column":31}},"8":{"start":{"line":9,"column":0},"end":{"line":9,"column":54}},"30":{"start":{"line":31,"column":0},"end":{"line":31,"column":24}},"31":{"start":{"line":32,"column":0},"end":{"line":32,"column":71}},"45":{"start":{"line":46,"column":0},"end":{"line":46,"column":31}},"46":{"start":{"line":47,"column":0},"end":{"line":47,"column":55}},"47":{"start":{"line":48,"column":0},"end":{"line":48,"column":50}},"48":{"start":{"line":49,"column":0},"end":{"line":49,"column":73}},"49":{"start":{"line":50,"column":0},"end":{"line":50,"column":105}},"50":{"start":{"line":51,"column":0},"end":{"line":51,"column":5}},"52":{"start":{"line":53,"column":0},"end":{"line":53,"column":40}},"53":{"start":{"line":54,"column":0},"end":{"line":54,"column":55}},"54":{"start":{"line":55,"column":0},"end":{"line":55,"column":50}},"55":{"start":{"line":56,"column":0},"end":{"line":56,"column":78}},"56":{"start":{"line":57,"column":0},"end":{"line":57,"column":46}},"57":{"start":{"line":58,"column":0},"end":{"line":58,"column":25}},"58":{"start":{"line":59,"column":0},"end":{"line":59,"column":67}},"59":{"start":{"line":60,"column":0},"end":{"line":60,"column":75}},"60":{"start":{"line":61,"column":0},"end":{"line":61,"column":63}},"61":{"start":{"line":62,"column":0},"end":{"line":62,"column":33}},"62":{"start":{"line":63,"column":0},"end":{"line":63,"column":14}},"63":{"start":{"line":64,"column":0},"end":{"line":64,"column":27}},"64":{"start":{"line":65,"column":0},"end":{"line":65,"column":22}},"65":{"start":{"line":66,"column":0},"end":{"line":66,"column":68}},"66":{"start":{"line":67,"column":0},"end":{"line":67,"column":48}},"67":{"start":{"line":68,"column":0},"end":{"line":68,"column":52}},"68":{"start":{"line":69,"column":0},"end":{"line":69,"column":63}},"69":{"start":{"line":70,"column":0},"end":{"line":70,"column":43}},"70":{"start":{"line":71,"column":0},"end":{"line":71,"column":14}},"71":{"start":{"line":72,"column":0},"end":{"line":72,"column":44}},"72":{"start":{"line":73,"column":0},"end":{"line":73,"column":32}},"73":{"start":{"line":74,"column":0},"end":{"line":74,"column":26}},"74":{"start":{"line":75,"column":0},"end":{"line":75,"column":113}},"75":{"start":{"line":76,"column":0},"end":{"line":76,"column":51}},"76":{"start":{"line":77,"column":0},"end":{"line":77,"column":53}},"77":{"start":{"line":78,"column":0},"end":{"line":78,"column":11}},"78":{"start":{"line":79,"column":0},"end":{"line":79,"column":27}},"79":{"start":{"line":80,"column":0},"end":{"line":80,"column":20}},"80":{"start":{"line":81,"column":0},"end":{"line":81,"column":79}},"81":{"start":{"line":82,"column":0},"end":{"line":82,"column":51}},"82":{"start":{"line":83,"column":0},"end":{"line":83,"column":14}},"83":{"start":{"line":84,"column":0},"end":{"line":84,"column":9}},"85":{"start":{"line":86,"column":0},"end":{"line":86,"column":55}},"86":{"start":{"line":87,"column":0},"end":{"line":87,"column":46}},"87":{"start":{"line":88,"column":0},"end":{"line":88,"column":55}},"88":{"start":{"line":89,"column":0},"end":{"line":89,"column":43}},"89":{"start":{"line":90,"column":0},"end":{"line":90,"column":51}},"90":{"start":{"line":91,"column":0},"end":{"line":91,"column":15}},"91":{"start":{"line":92,"column":0},"end":{"line":92,"column":9}},"93":{"start":{"line":94,"column":0},"end":{"line":94,"column":41}},"94":{"start":{"line":95,"column":0},"end":{"line":95,"column":28}},"95":{"start":{"line":96,"column":0},"end":{"line":96,"column":50}},"96":{"start":{"line":97,"column":0},"end":{"line":97,"column":59}},"97":{"start":{"line":98,"column":0},"end":{"line":98,"column":50}},"98":{"start":{"line":99,"column":0},"end":{"line":99,"column":55}},"99":{"start":{"line":100,"column":0},"end":{"line":100,"column":19}},"100":{"start":{"line":101,"column":0},"end":{"line":101,"column":27}},"101":{"start":{"line":102,"column":0},"end":{"line":102,"column":111}},"102":{"start":{"line":103,"column":0},"end":{"line":103,"column":27}},"103":{"start":{"line":104,"column":0},"end":{"line":104,"column":50}},"104":{"start":{"line":105,"column":0},"end":{"line":105,"column":58}},"105":{"start":{"line":106,"column":0},"end":{"line":106,"column":55}},"106":{"start":{"line":107,"column":0},"end":{"line":107,"column":19}},"107":{"start":{"line":108,"column":0},"end":{"line":108,"column":9}},"108":{"start":{"line":109,"column":0},"end":{"line":109,"column":5}},"120":{"start":{"line":121,"column":0},"end":{"line":121,"column":26}},"121":{"start":{"line":122,"column":0},"end":{"line":122,"column":22}},"122":{"start":{"line":123,"column":0},"end":{"line":123,"column":55}},"123":{"start":{"line":124,"column":0},"end":{"line":124,"column":50}},"124":{"start":{"line":125,"column":0},"end":{"line":125,"column":68}},"125":{"start":{"line":126,"column":0},"end":{"line":126,"column":107}},"126":{"start":{"line":127,"column":0},"end":{"line":127,"column":5}},"128":{"start":{"line":129,"column":0},"end":{"line":129,"column":35}},"129":{"start":{"line":130,"column":0},"end":{"line":130,"column":22}},"130":{"start":{"line":131,"column":0},"end":{"line":131,"column":55}},"131":{"start":{"line":132,"column":0},"end":{"line":132,"column":50}},"132":{"start":{"line":133,"column":0},"end":{"line":133,"column":73}},"133":{"start":{"line":134,"column":0},"end":{"line":134,"column":46}},"134":{"start":{"line":135,"column":0},"end":{"line":135,"column":25}},"135":{"start":{"line":136,"column":0},"end":{"line":136,"column":67}},"136":{"start":{"line":137,"column":0},"end":{"line":137,"column":75}},"137":{"start":{"line":138,"column":0},"end":{"line":138,"column":63}},"138":{"start":{"line":139,"column":0},"end":{"line":139,"column":64}},"139":{"start":{"line":140,"column":0},"end":{"line":140,"column":14}},"140":{"start":{"line":141,"column":0},"end":{"line":141,"column":27}},"141":{"start":{"line":142,"column":0},"end":{"line":142,"column":22}},"142":{"start":{"line":143,"column":0},"end":{"line":143,"column":68}},"143":{"start":{"line":144,"column":0},"end":{"line":144,"column":48}},"144":{"start":{"line":145,"column":0},"end":{"line":145,"column":52}},"145":{"start":{"line":146,"column":0},"end":{"line":146,"column":63}},"146":{"start":{"line":147,"column":0},"end":{"line":147,"column":43}},"147":{"start":{"line":148,"column":0},"end":{"line":148,"column":14}},"148":{"start":{"line":149,"column":0},"end":{"line":149,"column":44}},"149":{"start":{"line":150,"column":0},"end":{"line":150,"column":32}},"150":{"start":{"line":151,"column":0},"end":{"line":151,"column":26}},"151":{"start":{"line":152,"column":0},"end":{"line":152,"column":113}},"152":{"start":{"line":153,"column":0},"end":{"line":153,"column":51}},"153":{"start":{"line":154,"column":0},"end":{"line":154,"column":53}},"154":{"start":{"line":155,"column":0},"end":{"line":155,"column":11}},"155":{"start":{"line":156,"column":0},"end":{"line":156,"column":27}},"156":{"start":{"line":157,"column":0},"end":{"line":157,"column":117}},"157":{"start":{"line":158,"column":0},"end":{"line":158,"column":9}},"159":{"start":{"line":160,"column":0},"end":{"line":160,"column":55}},"160":{"start":{"line":161,"column":0},"end":{"line":161,"column":46}},"161":{"start":{"line":162,"column":0},"end":{"line":162,"column":55}},"162":{"start":{"line":163,"column":0},"end":{"line":163,"column":43}},"163":{"start":{"line":164,"column":0},"end":{"line":164,"column":51}},"164":{"start":{"line":165,"column":0},"end":{"line":165,"column":15}},"165":{"start":{"line":166,"column":0},"end":{"line":166,"column":9}},"167":{"start":{"line":168,"column":0},"end":{"line":168,"column":41}},"168":{"start":{"line":169,"column":0},"end":{"line":169,"column":28}},"169":{"start":{"line":170,"column":0},"end":{"line":170,"column":50}},"170":{"start":{"line":171,"column":0},"end":{"line":171,"column":59}},"171":{"start":{"line":172,"column":0},"end":{"line":172,"column":50}},"172":{"start":{"line":173,"column":0},"end":{"line":173,"column":55}},"173":{"start":{"line":174,"column":0},"end":{"line":174,"column":19}},"174":{"start":{"line":175,"column":0},"end":{"line":175,"column":27}},"175":{"start":{"line":176,"column":0},"end":{"line":176,"column":56}},"176":{"start":{"line":177,"column":0},"end":{"line":177,"column":84}},"177":{"start":{"line":178,"column":0},"end":{"line":178,"column":18}},"178":{"start":{"line":179,"column":0},"end":{"line":179,"column":27}},"179":{"start":{"line":180,"column":0},"end":{"line":180,"column":50}},"180":{"start":{"line":181,"column":0},"end":{"line":181,"column":58}},"181":{"start":{"line":182,"column":0},"end":{"line":182,"column":55}},"182":{"start":{"line":183,"column":0},"end":{"line":183,"column":19}},"183":{"start":{"line":184,"column":0},"end":{"line":184,"column":9}},"184":{"start":{"line":185,"column":0},"end":{"line":185,"column":5}},"201":{"start":{"line":202,"column":0},"end":{"line":202,"column":35}},"202":{"start":{"line":203,"column":0},"end":{"line":203,"column":59}},"203":{"start":{"line":204,"column":0},"end":{"line":204,"column":50}},"204":{"start":{"line":205,"column":0},"end":{"line":205,"column":77}},"205":{"start":{"line":206,"column":0},"end":{"line":206,"column":109}},"206":{"start":{"line":207,"column":0},"end":{"line":207,"column":5}},"208":{"start":{"line":209,"column":0},"end":{"line":209,"column":44}},"209":{"start":{"line":210,"column":0},"end":{"line":210,"column":59}},"210":{"start":{"line":211,"column":0},"end":{"line":211,"column":50}},"211":{"start":{"line":212,"column":0},"end":{"line":212,"column":82}},"212":{"start":{"line":213,"column":0},"end":{"line":213,"column":49}},"213":{"start":{"line":214,"column":0},"end":{"line":214,"column":94}},"214":{"start":{"line":215,"column":0},"end":{"line":215,"column":48}},"215":{"start":{"line":216,"column":0},"end":{"line":216,"column":46}},"216":{"start":{"line":217,"column":0},"end":{"line":217,"column":25}},"217":{"start":{"line":218,"column":0},"end":{"line":218,"column":67}},"218":{"start":{"line":219,"column":0},"end":{"line":219,"column":75}},"219":{"start":{"line":220,"column":0},"end":{"line":220,"column":63}},"220":{"start":{"line":221,"column":0},"end":{"line":221,"column":43}},"221":{"start":{"line":222,"column":0},"end":{"line":222,"column":14}},"222":{"start":{"line":223,"column":0},"end":{"line":223,"column":27}},"223":{"start":{"line":224,"column":0},"end":{"line":224,"column":22}},"224":{"start":{"line":225,"column":0},"end":{"line":225,"column":68}},"225":{"start":{"line":226,"column":0},"end":{"line":226,"column":48}},"226":{"start":{"line":227,"column":0},"end":{"line":227,"column":52}},"227":{"start":{"line":228,"column":0},"end":{"line":228,"column":63}},"228":{"start":{"line":229,"column":0},"end":{"line":229,"column":43}},"229":{"start":{"line":230,"column":0},"end":{"line":230,"column":14}},"230":{"start":{"line":231,"column":0},"end":{"line":231,"column":44}},"231":{"start":{"line":232,"column":0},"end":{"line":232,"column":42}},"232":{"start":{"line":233,"column":0},"end":{"line":233,"column":32}},"233":{"start":{"line":234,"column":0},"end":{"line":234,"column":24}},"234":{"start":{"line":235,"column":0},"end":{"line":235,"column":113}},"235":{"start":{"line":236,"column":0},"end":{"line":236,"column":51}},"236":{"start":{"line":237,"column":0},"end":{"line":237,"column":53}},"237":{"start":{"line":238,"column":0},"end":{"line":238,"column":11}},"238":{"start":{"line":239,"column":0},"end":{"line":239,"column":27}},"239":{"start":{"line":240,"column":0},"end":{"line":240,"column":20}},"240":{"start":{"line":241,"column":0},"end":{"line":241,"column":83}},"241":{"start":{"line":242,"column":0},"end":{"line":242,"column":51}},"242":{"start":{"line":243,"column":0},"end":{"line":243,"column":14}},"243":{"start":{"line":244,"column":0},"end":{"line":244,"column":9}},"245":{"start":{"line":246,"column":0},"end":{"line":246,"column":55}},"246":{"start":{"line":247,"column":0},"end":{"line":247,"column":46}},"247":{"start":{"line":248,"column":0},"end":{"line":248,"column":55}},"248":{"start":{"line":249,"column":0},"end":{"line":249,"column":43}},"249":{"start":{"line":250,"column":0},"end":{"line":250,"column":51}},"250":{"start":{"line":251,"column":0},"end":{"line":251,"column":15}},"251":{"start":{"line":252,"column":0},"end":{"line":252,"column":9}},"253":{"start":{"line":254,"column":0},"end":{"line":254,"column":41}},"254":{"start":{"line":255,"column":0},"end":{"line":255,"column":28}},"255":{"start":{"line":256,"column":0},"end":{"line":256,"column":50}},"256":{"start":{"line":257,"column":0},"end":{"line":257,"column":59}},"257":{"start":{"line":258,"column":0},"end":{"line":258,"column":50}},"258":{"start":{"line":259,"column":0},"end":{"line":259,"column":55}},"259":{"start":{"line":260,"column":0},"end":{"line":260,"column":19}},"260":{"start":{"line":261,"column":0},"end":{"line":261,"column":27}},"261":{"start":{"line":262,"column":0},"end":{"line":262,"column":56}},"262":{"start":{"line":263,"column":0},"end":{"line":263,"column":84}},"263":{"start":{"line":264,"column":0},"end":{"line":264,"column":18}},"264":{"start":{"line":265,"column":0},"end":{"line":265,"column":27}},"265":{"start":{"line":266,"column":0},"end":{"line":266,"column":50}},"266":{"start":{"line":267,"column":0},"end":{"line":267,"column":58}},"267":{"start":{"line":268,"column":0},"end":{"line":268,"column":55}},"268":{"start":{"line":269,"column":0},"end":{"line":269,"column":19}},"269":{"start":{"line":270,"column":0},"end":{"line":270,"column":9}},"270":{"start":{"line":271,"column":0},"end":{"line":271,"column":5}},"287":{"start":{"line":288,"column":0},"end":{"line":288,"column":32}},"288":{"start":{"line":289,"column":0},"end":{"line":289,"column":56}},"289":{"start":{"line":290,"column":0},"end":{"line":290,"column":50}},"290":{"start":{"line":291,"column":0},"end":{"line":291,"column":74}},"291":{"start":{"line":292,"column":0},"end":{"line":292,"column":106}},"292":{"start":{"line":293,"column":0},"end":{"line":293,"column":5}},"294":{"start":{"line":295,"column":0},"end":{"line":295,"column":41}},"295":{"start":{"line":296,"column":0},"end":{"line":296,"column":56}},"296":{"start":{"line":297,"column":0},"end":{"line":297,"column":50}},"297":{"start":{"line":298,"column":0},"end":{"line":298,"column":79}},"298":{"start":{"line":299,"column":0},"end":{"line":299,"column":46}},"299":{"start":{"line":300,"column":0},"end":{"line":300,"column":25}},"300":{"start":{"line":301,"column":0},"end":{"line":301,"column":67}},"301":{"start":{"line":302,"column":0},"end":{"line":302,"column":75}},"302":{"start":{"line":303,"column":0},"end":{"line":303,"column":63}},"303":{"start":{"line":304,"column":0},"end":{"line":304,"column":45}},"304":{"start":{"line":305,"column":0},"end":{"line":305,"column":14}},"305":{"start":{"line":306,"column":0},"end":{"line":306,"column":27}},"306":{"start":{"line":307,"column":0},"end":{"line":307,"column":22}},"307":{"start":{"line":308,"column":0},"end":{"line":308,"column":68}},"308":{"start":{"line":309,"column":0},"end":{"line":309,"column":48}},"309":{"start":{"line":310,"column":0},"end":{"line":310,"column":52}},"310":{"start":{"line":311,"column":0},"end":{"line":311,"column":63}},"311":{"start":{"line":312,"column":0},"end":{"line":312,"column":43}},"312":{"start":{"line":313,"column":0},"end":{"line":313,"column":14}},"313":{"start":{"line":314,"column":0},"end":{"line":314,"column":44}},"314":{"start":{"line":315,"column":0},"end":{"line":315,"column":32}},"315":{"start":{"line":316,"column":0},"end":{"line":316,"column":26}},"316":{"start":{"line":317,"column":0},"end":{"line":317,"column":113}},"317":{"start":{"line":318,"column":0},"end":{"line":318,"column":51}},"318":{"start":{"line":319,"column":0},"end":{"line":319,"column":53}},"319":{"start":{"line":320,"column":0},"end":{"line":320,"column":11}},"320":{"start":{"line":321,"column":0},"end":{"line":321,"column":27}},"321":{"start":{"line":322,"column":0},"end":{"line":322,"column":20}},"322":{"start":{"line":323,"column":0},"end":{"line":323,"column":80}},"323":{"start":{"line":324,"column":0},"end":{"line":324,"column":51}},"324":{"start":{"line":325,"column":0},"end":{"line":325,"column":14}},"325":{"start":{"line":326,"column":0},"end":{"line":326,"column":9}},"327":{"start":{"line":328,"column":0},"end":{"line":328,"column":55}},"328":{"start":{"line":329,"column":0},"end":{"line":329,"column":46}},"329":{"start":{"line":330,"column":0},"end":{"line":330,"column":55}},"330":{"start":{"line":331,"column":0},"end":{"line":331,"column":43}},"331":{"start":{"line":332,"column":0},"end":{"line":332,"column":51}},"332":{"start":{"line":333,"column":0},"end":{"line":333,"column":15}},"333":{"start":{"line":334,"column":0},"end":{"line":334,"column":9}},"335":{"start":{"line":336,"column":0},"end":{"line":336,"column":41}},"336":{"start":{"line":337,"column":0},"end":{"line":337,"column":28}},"337":{"start":{"line":338,"column":0},"end":{"line":338,"column":50}},"338":{"start":{"line":339,"column":0},"end":{"line":339,"column":59}},"339":{"start":{"line":340,"column":0},"end":{"line":340,"column":50}},"340":{"start":{"line":341,"column":0},"end":{"line":341,"column":55}},"341":{"start":{"line":342,"column":0},"end":{"line":342,"column":19}},"342":{"start":{"line":343,"column":0},"end":{"line":343,"column":27}},"343":{"start":{"line":344,"column":0},"end":{"line":344,"column":56}},"344":{"start":{"line":345,"column":0},"end":{"line":345,"column":86}},"345":{"start":{"line":346,"column":0},"end":{"line":346,"column":18}},"346":{"start":{"line":347,"column":0},"end":{"line":347,"column":27}},"347":{"start":{"line":348,"column":0},"end":{"line":348,"column":50}},"348":{"start":{"line":349,"column":0},"end":{"line":349,"column":58}},"349":{"start":{"line":350,"column":0},"end":{"line":350,"column":55}},"350":{"start":{"line":351,"column":0},"end":{"line":351,"column":19}},"351":{"start":{"line":352,"column":0},"end":{"line":352,"column":9}},"352":{"start":{"line":353,"column":0},"end":{"line":353,"column":5}},"363":{"start":{"line":364,"column":0},"end":{"line":364,"column":24}},"364":{"start":{"line":365,"column":0},"end":{"line":365,"column":22}},"365":{"start":{"line":366,"column":0},"end":{"line":366,"column":50}},"366":{"start":{"line":367,"column":0},"end":{"line":367,"column":66}},"367":{"start":{"line":368,"column":0},"end":{"line":368,"column":96}},"368":{"start":{"line":369,"column":0},"end":{"line":369,"column":5}},"370":{"start":{"line":371,"column":0},"end":{"line":371,"column":33}},"371":{"start":{"line":372,"column":0},"end":{"line":372,"column":22}},"372":{"start":{"line":373,"column":0},"end":{"line":373,"column":50}},"373":{"start":{"line":374,"column":0},"end":{"line":374,"column":71}},"374":{"start":{"line":375,"column":0},"end":{"line":375,"column":46}},"375":{"start":{"line":376,"column":0},"end":{"line":376,"column":25}},"376":{"start":{"line":377,"column":0},"end":{"line":377,"column":67}},"377":{"start":{"line":378,"column":0},"end":{"line":378,"column":75}},"378":{"start":{"line":379,"column":0},"end":{"line":379,"column":63}},"379":{"start":{"line":380,"column":0},"end":{"line":380,"column":52}},"380":{"start":{"line":381,"column":0},"end":{"line":381,"column":14}},"381":{"start":{"line":382,"column":0},"end":{"line":382,"column":26}},"382":{"start":{"line":383,"column":0},"end":{"line":383,"column":22}},"383":{"start":{"line":384,"column":0},"end":{"line":384,"column":68}},"384":{"start":{"line":385,"column":0},"end":{"line":385,"column":48}},"385":{"start":{"line":386,"column":0},"end":{"line":386,"column":52}},"386":{"start":{"line":387,"column":0},"end":{"line":387,"column":63}},"387":{"start":{"line":388,"column":0},"end":{"line":388,"column":43}},"388":{"start":{"line":389,"column":0},"end":{"line":389,"column":14}},"389":{"start":{"line":390,"column":0},"end":{"line":390,"column":44}},"390":{"start":{"line":391,"column":0},"end":{"line":391,"column":32}},"391":{"start":{"line":392,"column":0},"end":{"line":392,"column":113}},"392":{"start":{"line":393,"column":0},"end":{"line":393,"column":51}},"393":{"start":{"line":394,"column":0},"end":{"line":394,"column":53}},"394":{"start":{"line":395,"column":0},"end":{"line":395,"column":11}},"395":{"start":{"line":396,"column":0},"end":{"line":396,"column":27}},"396":{"start":{"line":397,"column":0},"end":{"line":397,"column":115}},"397":{"start":{"line":398,"column":0},"end":{"line":398,"column":9}},"399":{"start":{"line":400,"column":0},"end":{"line":400,"column":55}},"400":{"start":{"line":401,"column":0},"end":{"line":401,"column":46}},"401":{"start":{"line":402,"column":0},"end":{"line":402,"column":55}},"402":{"start":{"line":403,"column":0},"end":{"line":403,"column":43}},"403":{"start":{"line":404,"column":0},"end":{"line":404,"column":51}},"404":{"start":{"line":405,"column":0},"end":{"line":405,"column":15}},"405":{"start":{"line":406,"column":0},"end":{"line":406,"column":9}},"407":{"start":{"line":408,"column":0},"end":{"line":408,"column":41}},"408":{"start":{"line":409,"column":0},"end":{"line":409,"column":28}},"409":{"start":{"line":410,"column":0},"end":{"line":410,"column":50}},"410":{"start":{"line":411,"column":0},"end":{"line":411,"column":59}},"411":{"start":{"line":412,"column":0},"end":{"line":412,"column":50}},"412":{"start":{"line":413,"column":0},"end":{"line":413,"column":55}},"413":{"start":{"line":414,"column":0},"end":{"line":414,"column":19}},"414":{"start":{"line":415,"column":0},"end":{"line":415,"column":27}},"415":{"start":{"line":416,"column":0},"end":{"line":416,"column":108}},"416":{"start":{"line":417,"column":0},"end":{"line":417,"column":27}},"417":{"start":{"line":418,"column":0},"end":{"line":418,"column":50}},"418":{"start":{"line":419,"column":0},"end":{"line":419,"column":58}},"419":{"start":{"line":420,"column":0},"end":{"line":420,"column":55}},"420":{"start":{"line":421,"column":0},"end":{"line":421,"column":19}},"421":{"start":{"line":422,"column":0},"end":{"line":422,"column":9}},"422":{"start":{"line":423,"column":0},"end":{"line":423,"column":5}},"424":{"start":{"line":425,"column":0},"end":{"line":425,"column":76}},"425":{"start":{"line":426,"column":0},"end":{"line":426,"column":68}},"426":{"start":{"line":427,"column":0},"end":{"line":427,"column":29}},"427":{"start":{"line":428,"column":0},"end":{"line":428,"column":38}},"428":{"start":{"line":429,"column":0},"end":{"line":429,"column":9}},"430":{"start":{"line":431,"column":0},"end":{"line":431,"column":25}},"431":{"start":{"line":432,"column":0},"end":{"line":432,"column":5}},"432":{"start":{"line":433,"column":0},"end":{"line":433,"column":1}}},"s":{"4":1,"5":1,"7":1,"8":1,"30":1,"31":1,"45":1,"46":6,"47":6,"48":6,"49":6,"50":6,"52":1,"53":6,"54":6,"55":6,"56":6,"57":6,"58":6,"59":0,"60":0,"61":6,"62":6,"63":6,"64":6,"65":6,"66":6,"67":6,"68":6,"69":6,"70":6,"71":6,"72":6,"73":6,"74":6,"75":6,"76":6,"77":6,"78":6,"79":2,"80":2,"81":2,"82":2,"83":2,"85":6,"86":1,"87":1,"88":1,"89":1,"90":1,"91":1,"93":3,"94":6,"95":1,"96":1,"97":1,"98":1,"99":1,"100":6,"101":1,"102":6,"103":1,"104":1,"105":1,"106":1,"107":6,"108":6,"120":1,"121":5,"122":5,"123":5,"124":5,"125":5,"126":5,"128":1,"129":5,"130":5,"131":5,"132":5,"133":5,"134":5,"135":5,"136":0,"137":0,"138":5,"139":5,"140":5,"141":5,"142":5,"143":5,"144":5,"145":5,"146":5,"147":5,"148":5,"149":5,"150":5,"151":5,"152":5,"153":5,"154":5,"155":5,"156":1,"157":1,"159":5,"160":1,"161":1,"162":1,"163":1,"164":1,"165":1,"167":3,"168":5,"169":1,"170":1,"171":1,"172":1,"173":1,"174":5,"175":1,"176":1,"177":1,"178":5,"179":1,"180":1,"181":1,"182":1,"183":5,"184":5,"201":1,"202":4,"203":4,"204":4,"205":4,"206":4,"208":1,"209":4,"210":4,"211":4,"212":4,"213":4,"214":4,"215":4,"216":4,"217":4,"218":0,"219":0,"220":4,"221":4,"222":4,"223":4,"224":4,"225":4,"226":4,"227":4,"228":4,"229":4,"230":4,"231":4,"232":4,"233":4,"234":4,"235":4,"236":4,"237":4,"238":4,"239":0,"240":0,"241":0,"242":0,"243":0,"245":4,"246":1,"247":1,"248":1,"249":1,"250":1,"251":1,"253":3,"254":4,"255":1,"256":1,"257":1,"258":1,"259":1,"260":4,"261":1,"262":1,"263":1,"264":4,"265":1,"266":1,"267":1,"268":1,"269":4,"270":4,"287":1,"288":5,"289":5,"290":5,"291":5,"292":5,"294":1,"295":5,"296":5,"297":5,"298":5,"299":5,"300":5,"301":0,"302":0,"303":5,"304":5,"305":5,"306":5,"307":5,"308":5,"309":5,"310":5,"311":5,"312":5,"313":5,"314":5,"315":5,"316":5,"317":5,"318":5,"319":5,"320":5,"321":1,"322":1,"323":1,"324":1,"325":1,"327":5,"328":1,"329":1,"330":1,"331":1,"332":1,"333":1,"335":3,"336":5,"337":1,"338":1,"339":1,"340":1,"341":1,"342":5,"343":1,"344":1,"345":1,"346":5,"347":1,"348":1,"349":1,"350":1,"351":5,"352":5,"363":1,"364":5,"365":5,"366":5,"367":5,"368":5,"370":1,"371":5,"372":5,"373":5,"374":5,"375":5,"376":5,"377":0,"378":0,"379":5,"380":5,"381":5,"382":5,"383":5,"384":5,"385":5,"386":5,"387":5,"388":5,"389":5,"390":5,"391":5,"392":5,"393":5,"394":5,"395":5,"396":1,"397":1,"399":5,"400":1,"401":1,"402":1,"403":1,"404":1,"405":1,"407":3,"408":5,"409":1,"410":1,"411":1,"412":1,"413":1,"414":5,"415":1,"416":5,"417":1,"418":1,"419":1,"420":1,"421":5,"422":5,"424":1,"425":25,"426":25,"427":25,"428":25,"430":0,"431":25,"432":1},"branchMap":{"0":{"type":"branch","line":32,"loc":{"start":{"line":32,"column":4},"end":{"line":32,"column":71}},"locations":[{"start":{"line":32,"column":4},"end":{"line":32,"column":71}}]},"1":{"type":"branch","line":46,"loc":{"start":{"line":46,"column":11},"end":{"line":51,"column":5}},"locations":[{"start":{"line":46,"column":11},"end":{"line":51,"column":5}}]},"2":{"type":"branch","line":53,"loc":{"start":{"line":53,"column":4},"end":{"line":109,"column":5}},"locations":[{"start":{"line":53,"column":4},"end":{"line":109,"column":5}}]},"3":{"type":"branch","line":59,"loc":{"start":{"line":59,"column":62},"end":{"line":61,"column":63}},"locations":[{"start":{"line":59,"column":62},"end":{"line":61,"column":63}}]},"4":{"type":"branch","line":70,"loc":{"start":{"line":70,"column":19},"end":{"line":70,"column":43}},"locations":[{"start":{"line":70,"column":19},"end":{"line":70,"column":43}}]},"5":{"type":"branch","line":75,"loc":{"start":{"line":75,"column":23},"end":{"line":75,"column":59}},"locations":[{"start":{"line":75,"column":23},"end":{"line":75,"column":59}}]},"6":{"type":"branch","line":75,"loc":{"start":{"line":75,"column":59},"end":{"line":75,"column":107}},"locations":[{"start":{"line":75,"column":59},"end":{"line":75,"column":107}}]},"7":{"type":"branch","line":76,"loc":{"start":{"line":76,"column":24},"end":{"line":76,"column":51}},"locations":[{"start":{"line":76,"column":24},"end":{"line":76,"column":51}}]},"8":{"type":"branch","line":77,"loc":{"start":{"line":77,"column":25},"end":{"line":77,"column":53}},"locations":[{"start":{"line":77,"column":25},"end":{"line":77,"column":53}}]},"9":{"type":"branch","line":79,"loc":{"start":{"line":79,"column":26},"end":{"line":84,"column":9}},"locations":[{"start":{"line":79,"column":26},"end":{"line":84,"column":9}}]},"10":{"type":"branch","line":84,"loc":{"start":{"line":84,"column":8},"end":{"line":86,"column":54}},"locations":[{"start":{"line":84,"column":8},"end":{"line":86,"column":54}}]},"11":{"type":"branch","line":86,"loc":{"start":{"line":86,"column":54},"end":{"line":92,"column":9}},"locations":[{"start":{"line":86,"column":54},"end":{"line":92,"column":9}}]},"12":{"type":"branch","line":92,"loc":{"start":{"line":92,"column":8},"end":{"line":94,"column":41}},"locations":[{"start":{"line":92,"column":8},"end":{"line":94,"column":41}}]},"13":{"type":"branch","line":95,"loc":{"start":{"line":95,"column":12},"end":{"line":100,"column":19}},"locations":[{"start":{"line":95,"column":12},"end":{"line":100,"column":19}}]},"14":{"type":"branch","line":101,"loc":{"start":{"line":101,"column":12},"end":{"line":102,"column":111}},"locations":[{"start":{"line":101,"column":12},"end":{"line":102,"column":111}}]},"15":{"type":"branch","line":103,"loc":{"start":{"line":103,"column":12},"end":{"line":107,"column":19}},"locations":[{"start":{"line":103,"column":12},"end":{"line":107,"column":19}}]},"16":{"type":"branch","line":121,"loc":{"start":{"line":121,"column":11},"end":{"line":127,"column":5}},"locations":[{"start":{"line":121,"column":11},"end":{"line":127,"column":5}}]},"17":{"type":"branch","line":129,"loc":{"start":{"line":129,"column":4},"end":{"line":185,"column":5}},"locations":[{"start":{"line":129,"column":4},"end":{"line":185,"column":5}}]},"18":{"type":"branch","line":136,"loc":{"start":{"line":136,"column":62},"end":{"line":138,"column":63}},"locations":[{"start":{"line":136,"column":62},"end":{"line":138,"column":63}}]},"19":{"type":"branch","line":147,"loc":{"start":{"line":147,"column":19},"end":{"line":147,"column":43}},"locations":[{"start":{"line":147,"column":19},"end":{"line":147,"column":43}}]},"20":{"type":"branch","line":152,"loc":{"start":{"line":152,"column":23},"end":{"line":152,"column":59}},"locations":[{"start":{"line":152,"column":23},"end":{"line":152,"column":59}}]},"21":{"type":"branch","line":152,"loc":{"start":{"line":152,"column":59},"end":{"line":152,"column":107}},"locations":[{"start":{"line":152,"column":59},"end":{"line":152,"column":107}}]},"22":{"type":"branch","line":153,"loc":{"start":{"line":153,"column":24},"end":{"line":153,"column":51}},"locations":[{"start":{"line":153,"column":24},"end":{"line":153,"column":51}}]},"23":{"type":"branch","line":154,"loc":{"start":{"line":154,"column":25},"end":{"line":154,"column":53}},"locations":[{"start":{"line":154,"column":25},"end":{"line":154,"column":53}}]},"24":{"type":"branch","line":156,"loc":{"start":{"line":156,"column":26},"end":{"line":158,"column":9}},"locations":[{"start":{"line":156,"column":26},"end":{"line":158,"column":9}}]},"25":{"type":"branch","line":158,"loc":{"start":{"line":158,"column":8},"end":{"line":160,"column":54}},"locations":[{"start":{"line":158,"column":8},"end":{"line":160,"column":54}}]},"26":{"type":"branch","line":160,"loc":{"start":{"line":160,"column":54},"end":{"line":166,"column":9}},"locations":[{"start":{"line":160,"column":54},"end":{"line":166,"column":9}}]},"27":{"type":"branch","line":166,"loc":{"start":{"line":166,"column":8},"end":{"line":168,"column":41}},"locations":[{"start":{"line":166,"column":8},"end":{"line":168,"column":41}}]},"28":{"type":"branch","line":169,"loc":{"start":{"line":169,"column":12},"end":{"line":174,"column":19}},"locations":[{"start":{"line":169,"column":12},"end":{"line":174,"column":19}}]},"29":{"type":"branch","line":175,"loc":{"start":{"line":175,"column":12},"end":{"line":178,"column":18}},"locations":[{"start":{"line":175,"column":12},"end":{"line":178,"column":18}}]},"30":{"type":"branch","line":179,"loc":{"start":{"line":179,"column":12},"end":{"line":183,"column":19}},"locations":[{"start":{"line":179,"column":12},"end":{"line":183,"column":19}}]},"31":{"type":"branch","line":202,"loc":{"start":{"line":202,"column":11},"end":{"line":207,"column":5}},"locations":[{"start":{"line":202,"column":11},"end":{"line":207,"column":5}}]},"32":{"type":"branch","line":209,"loc":{"start":{"line":209,"column":4},"end":{"line":271,"column":5}},"locations":[{"start":{"line":209,"column":4},"end":{"line":271,"column":5}}]},"33":{"type":"branch","line":218,"loc":{"start":{"line":218,"column":62},"end":{"line":220,"column":63}},"locations":[{"start":{"line":218,"column":62},"end":{"line":220,"column":63}}]},"34":{"type":"branch","line":229,"loc":{"start":{"line":229,"column":19},"end":{"line":229,"column":43}},"locations":[{"start":{"line":229,"column":19},"end":{"line":229,"column":43}}]},"35":{"type":"branch","line":235,"loc":{"start":{"line":235,"column":23},"end":{"line":235,"column":59}},"locations":[{"start":{"line":235,"column":23},"end":{"line":235,"column":59}}]},"36":{"type":"branch","line":235,"loc":{"start":{"line":235,"column":59},"end":{"line":235,"column":107}},"locations":[{"start":{"line":235,"column":59},"end":{"line":235,"column":107}}]},"37":{"type":"branch","line":236,"loc":{"start":{"line":236,"column":24},"end":{"line":236,"column":51}},"locations":[{"start":{"line":236,"column":24},"end":{"line":236,"column":51}}]},"38":{"type":"branch","line":237,"loc":{"start":{"line":237,"column":25},"end":{"line":237,"column":53}},"locations":[{"start":{"line":237,"column":25},"end":{"line":237,"column":53}}]},"39":{"type":"branch","line":239,"loc":{"start":{"line":239,"column":26},"end":{"line":244,"column":9}},"locations":[{"start":{"line":239,"column":26},"end":{"line":244,"column":9}}]},"40":{"type":"branch","line":246,"loc":{"start":{"line":246,"column":54},"end":{"line":252,"column":9}},"locations":[{"start":{"line":246,"column":54},"end":{"line":252,"column":9}}]},"41":{"type":"branch","line":252,"loc":{"start":{"line":252,"column":8},"end":{"line":254,"column":41}},"locations":[{"start":{"line":252,"column":8},"end":{"line":254,"column":41}}]},"42":{"type":"branch","line":255,"loc":{"start":{"line":255,"column":12},"end":{"line":260,"column":19}},"locations":[{"start":{"line":255,"column":12},"end":{"line":260,"column":19}}]},"43":{"type":"branch","line":261,"loc":{"start":{"line":261,"column":12},"end":{"line":264,"column":18}},"locations":[{"start":{"line":261,"column":12},"end":{"line":264,"column":18}}]},"44":{"type":"branch","line":265,"loc":{"start":{"line":265,"column":12},"end":{"line":269,"column":19}},"locations":[{"start":{"line":265,"column":12},"end":{"line":269,"column":19}}]},"45":{"type":"branch","line":288,"loc":{"start":{"line":288,"column":11},"end":{"line":293,"column":5}},"locations":[{"start":{"line":288,"column":11},"end":{"line":293,"column":5}}]},"46":{"type":"branch","line":295,"loc":{"start":{"line":295,"column":4},"end":{"line":353,"column":5}},"locations":[{"start":{"line":295,"column":4},"end":{"line":353,"column":5}}]},"47":{"type":"branch","line":301,"loc":{"start":{"line":301,"column":62},"end":{"line":303,"column":63}},"locations":[{"start":{"line":301,"column":62},"end":{"line":303,"column":63}}]},"48":{"type":"branch","line":312,"loc":{"start":{"line":312,"column":19},"end":{"line":312,"column":43}},"locations":[{"start":{"line":312,"column":19},"end":{"line":312,"column":43}}]},"49":{"type":"branch","line":317,"loc":{"start":{"line":317,"column":23},"end":{"line":317,"column":59}},"locations":[{"start":{"line":317,"column":23},"end":{"line":317,"column":59}}]},"50":{"type":"branch","line":317,"loc":{"start":{"line":317,"column":59},"end":{"line":317,"column":107}},"locations":[{"start":{"line":317,"column":59},"end":{"line":317,"column":107}}]},"51":{"type":"branch","line":318,"loc":{"start":{"line":318,"column":24},"end":{"line":318,"column":51}},"locations":[{"start":{"line":318,"column":24},"end":{"line":318,"column":51}}]},"52":{"type":"branch","line":319,"loc":{"start":{"line":319,"column":25},"end":{"line":319,"column":53}},"locations":[{"start":{"line":319,"column":25},"end":{"line":319,"column":53}}]},"53":{"type":"branch","line":321,"loc":{"start":{"line":321,"column":26},"end":{"line":326,"column":9}},"locations":[{"start":{"line":321,"column":26},"end":{"line":326,"column":9}}]},"54":{"type":"branch","line":326,"loc":{"start":{"line":326,"column":8},"end":{"line":328,"column":54}},"locations":[{"start":{"line":326,"column":8},"end":{"line":328,"column":54}}]},"55":{"type":"branch","line":328,"loc":{"start":{"line":328,"column":54},"end":{"line":334,"column":9}},"locations":[{"start":{"line":328,"column":54},"end":{"line":334,"column":9}}]},"56":{"type":"branch","line":334,"loc":{"start":{"line":334,"column":8},"end":{"line":336,"column":41}},"locations":[{"start":{"line":334,"column":8},"end":{"line":336,"column":41}}]},"57":{"type":"branch","line":337,"loc":{"start":{"line":337,"column":12},"end":{"line":342,"column":19}},"locations":[{"start":{"line":337,"column":12},"end":{"line":342,"column":19}}]},"58":{"type":"branch","line":343,"loc":{"start":{"line":343,"column":12},"end":{"line":346,"column":18}},"locations":[{"start":{"line":343,"column":12},"end":{"line":346,"column":18}}]},"59":{"type":"branch","line":347,"loc":{"start":{"line":347,"column":12},"end":{"line":351,"column":19}},"locations":[{"start":{"line":347,"column":12},"end":{"line":351,"column":19}}]},"60":{"type":"branch","line":364,"loc":{"start":{"line":364,"column":11},"end":{"line":369,"column":5}},"locations":[{"start":{"line":364,"column":11},"end":{"line":369,"column":5}}]},"61":{"type":"branch","line":371,"loc":{"start":{"line":371,"column":4},"end":{"line":423,"column":5}},"locations":[{"start":{"line":371,"column":4},"end":{"line":423,"column":5}}]},"62":{"type":"branch","line":377,"loc":{"start":{"line":377,"column":62},"end":{"line":379,"column":63}},"locations":[{"start":{"line":377,"column":62},"end":{"line":379,"column":63}}]},"63":{"type":"branch","line":388,"loc":{"start":{"line":388,"column":19},"end":{"line":388,"column":43}},"locations":[{"start":{"line":388,"column":19},"end":{"line":388,"column":43}}]},"64":{"type":"branch","line":392,"loc":{"start":{"line":392,"column":23},"end":{"line":392,"column":59}},"locations":[{"start":{"line":392,"column":23},"end":{"line":392,"column":59}}]},"65":{"type":"branch","line":392,"loc":{"start":{"line":392,"column":59},"end":{"line":392,"column":107}},"locations":[{"start":{"line":392,"column":59},"end":{"line":392,"column":107}}]},"66":{"type":"branch","line":393,"loc":{"start":{"line":393,"column":24},"end":{"line":393,"column":51}},"locations":[{"start":{"line":393,"column":24},"end":{"line":393,"column":51}}]},"67":{"type":"branch","line":394,"loc":{"start":{"line":394,"column":25},"end":{"line":394,"column":53}},"locations":[{"start":{"line":394,"column":25},"end":{"line":394,"column":53}}]},"68":{"type":"branch","line":396,"loc":{"start":{"line":396,"column":26},"end":{"line":398,"column":9}},"locations":[{"start":{"line":396,"column":26},"end":{"line":398,"column":9}}]},"69":{"type":"branch","line":398,"loc":{"start":{"line":398,"column":8},"end":{"line":400,"column":54}},"locations":[{"start":{"line":398,"column":8},"end":{"line":400,"column":54}}]},"70":{"type":"branch","line":400,"loc":{"start":{"line":400,"column":54},"end":{"line":406,"column":9}},"locations":[{"start":{"line":400,"column":54},"end":{"line":406,"column":9}}]},"71":{"type":"branch","line":406,"loc":{"start":{"line":406,"column":8},"end":{"line":408,"column":41}},"locations":[{"start":{"line":406,"column":8},"end":{"line":408,"column":41}}]},"72":{"type":"branch","line":409,"loc":{"start":{"line":409,"column":12},"end":{"line":414,"column":19}},"locations":[{"start":{"line":409,"column":12},"end":{"line":414,"column":19}}]},"73":{"type":"branch","line":415,"loc":{"start":{"line":415,"column":12},"end":{"line":416,"column":108}},"locations":[{"start":{"line":415,"column":12},"end":{"line":416,"column":108}}]},"74":{"type":"branch","line":417,"loc":{"start":{"line":417,"column":12},"end":{"line":421,"column":19}},"locations":[{"start":{"line":417,"column":12},"end":{"line":421,"column":19}}]},"75":{"type":"branch","line":425,"loc":{"start":{"line":425,"column":4},"end":{"line":432,"column":5}},"locations":[{"start":{"line":425,"column":4},"end":{"line":432,"column":5}}]},"76":{"type":"branch","line":429,"loc":{"start":{"line":429,"column":8},"end":{"line":431,"column":25}},"locations":[{"start":{"line":429,"column":8},"end":{"line":431,"column":25}}]}},"b":{"0":[1],"1":[6],"2":[6],"3":[0],"4":[0],"5":[0],"6":[0],"7":[0],"8":[0],"9":[2],"10":[4],"11":[1],"12":[3],"13":[1],"14":[1],"15":[1],"16":[5],"17":[5],"18":[0],"19":[0],"20":[0],"21":[0],"22":[0],"23":[0],"24":[1],"25":[4],"26":[1],"27":[3],"28":[1],"29":[1],"30":[1],"31":[4],"32":[4],"33":[0],"34":[0],"35":[0],"36":[0],"37":[0],"38":[0],"39":[0],"40":[1],"41":[3],"42":[1],"43":[1],"44":[1],"45":[5],"46":[5],"47":[0],"48":[0],"49":[0],"50":[0],"51":[0],"52":[0],"53":[1],"54":[4],"55":[1],"56":[3],"57":[1],"58":[1],"59":[1],"60":[5],"61":[5],"62":[0],"63":[0],"64":[0],"65":[0],"66":[0],"67":[0],"68":[1],"69":[4],"70":[1],"71":[3],"72":[1],"73":[1],"74":[1],"75":[25],"76":[0]},"fnMap":{"0":{"name":"Documents","decl":{"start":{"line":32,"column":4},"end":{"line":32,"column":71}},"loc":{"start":{"line":32,"column":4},"end":{"line":32,"column":71}},"line":32},"1":{"name":"initializeRenderJob","decl":{"start":{"line":46,"column":11},"end":{"line":51,"column":5}},"loc":{"start":{"line":46,"column":11},"end":{"line":51,"column":5}},"line":46},"2":{"name":"__initializeRenderJob","decl":{"start":{"line":53,"column":4},"end":{"line":109,"column":5}},"loc":{"start":{"line":53,"column":4},"end":{"line":109,"column":5}},"line":53},"3":{"name":"startRenderJob","decl":{"start":{"line":121,"column":11},"end":{"line":127,"column":5}},"loc":{"start":{"line":121,"column":11},"end":{"line":127,"column":5}},"line":121},"4":{"name":"__startRenderJob","decl":{"start":{"line":129,"column":4},"end":{"line":185,"column":5}},"loc":{"start":{"line":129,"column":4},"end":{"line":185,"column":5}},"line":129},"5":{"name":"generateDocumentPreview","decl":{"start":{"line":202,"column":11},"end":{"line":207,"column":5}},"loc":{"start":{"line":202,"column":11},"end":{"line":207,"column":5}},"line":202},"6":{"name":"__generateDocumentPreview","decl":{"start":{"line":209,"column":4},"end":{"line":271,"column":5}},"loc":{"start":{"line":209,"column":4},"end":{"line":271,"column":5}},"line":209},"7":{"name":"startImmediateRender","decl":{"start":{"line":288,"column":11},"end":{"line":293,"column":5}},"loc":{"start":{"line":288,"column":11},"end":{"line":293,"column":5}},"line":288},"8":{"name":"__startImmediateRender","decl":{"start":{"line":295,"column":4},"end":{"line":353,"column":5}},"loc":{"start":{"line":295,"column":4},"end":{"line":353,"column":5}},"line":295},"9":{"name":"getJobStatus","decl":{"start":{"line":364,"column":11},"end":{"line":369,"column":5}},"loc":{"start":{"line":364,"column":11},"end":{"line":369,"column":5}},"line":364},"10":{"name":"__getJobStatus","decl":{"start":{"line":371,"column":4},"end":{"line":423,"column":5}},"loc":{"start":{"line":371,"column":4},"end":{"line":423,"column":5}},"line":371},"11":{"name":"_getAuthorizationHeader","decl":{"start":{"line":425,"column":4},"end":{"line":432,"column":5}},"loc":{"start":{"line":425,"column":4},"end":{"line":432,"column":5}},"line":425}},"f":{"0":1,"1":6,"2":6,"3":5,"4":5,"5":4,"6":4,"7":5,"8":5,"9":5,"10":5,"11":25}}
,"/Users/martin/projects/pogodoc-sdks/sdks/typescript/src/sdk/api/resources/documents/client/index.ts": {"path":"/Users/martin/projects/pogodoc-sdks/sdks/typescript/src/sdk/api/resources/documents/client/index.ts","all":false,"statementMap":{"0":{"start":{"line":1,"column":0},"end":{"line":1,"column":36}}},"s":{"0":1},"branchMap":{},"b":{},"fnMap":{},"f":{}}
,"/Users/martin/projects/pogodoc-sdks/sdks/typescript/src/sdk/api/resources/documents/client/requests/GenerateDocumentPreviewRequest.ts": {"path":"/Users/martin/projects/pogodoc-sdks/sdks/typescript/src/sdk/api/resources/documents/client/requests/GenerateDocumentPreviewRequest.ts","all":true,"statementMap":{"21":{"start":{"line":22,"column":0},"end":{"line":22,"column":49}},"23":{"start":{"line":24,"column":0},"end":{"line":24,"column":25}},"24":{"start":{"line":25,"column":0},"end":{"line":25,"column":21}},"25":{"start":{"line":26,"column":0},"end":{"line":26,"column":21}},"26":{"start":{"line":27,"column":0},"end":{"line":27,"column":21}},"27":{"start":{"line":28,"column":0},"end":{"line":28,"column":19}},"28":{"start":{"line":29,"column":0},"end":{"line":29,"column":21}},"29":{"start":{"line":30,"column":0},"end":{"line":30,"column":23}},"30":{"start":{"line":31,"column":0},"end":{"line":31,"column":23}},"31":{"start":{"line":32,"column":0},"end":{"line":32,"column":15}},"40":{"start":{"line":41,"column":0},"end":{"line":41,"column":33}},"42":{"start":{"line":43,"column":0},"end":{"line":43,"column":31}},"43":{"start":{"line":44,"column":0},"end":{"line":44,"column":29}},"44":{"start":{"line":45,"column":0},"end":{"line":45,"column":27}},"45":{"start":{"line":46,"column":0},"end":{"line":46,"column":31}},"46":{"start":{"line":47,"column":0},"end":{"line":47,"column":29}},"47":{"start":{"line":48,"column":0},"end":{"line":48,"column":21}},"48":{"start":{"line":49,"column":0},"end":{"line":49,"column":21}},"49":{"start":{"line":50,"column":0},"end":{"line":50,"column":21}},"50":{"start":{"line":51,"column":0},"end":{"line":51,"column":21}},"51":{"start":{"line":52,"column":0},"end":{"line":52,"column":21}},"52":{"start":{"line":53,"column":0},"end":{"line":53,"column":21}},"53":{"start":{"line":54,"column":0},"end":{"line":54,"column":21}},"54":{"start":{"line":55,"column":0},"end":{"line":55,"column":19}}},"s":{"21":0,"23":0,"24":0,"25":0,"26":0,"27":0,"28":0,"29":0,"30":0,"31":0,"40":0,"42":0,"43":0,"44":0,"45":0,"46":0,"47":0,"48":0,"49":0,"50":0,"51":0,"52":0,"53":0,"54":0},"branchMap":{"0":{"type":"branch","line":1,"loc":{"start":{"line":1,"column":1441},"end":{"line":57,"column":1}},"locations":[{"start":{"line":1,"column":1441},"end":{"line":57,"column":1}}]}},"b":{"0":[1]},"fnMap":{"0":{"name":"(empty-report)","decl":{"start":{"line":1,"column":1441},"end":{"line":57,"column":1}},"loc":{"start":{"line":1,"column":1441},"end":{"line":57,"column":1}},"line":1}},"f":{"0":1}}
,"/Users/martin/projects/pogodoc-sdks/sdks/typescript/src/sdk/api/resources/documents/client/requests/InitializeRenderJobRequest.ts": {"path":"/Users/martin/projects/pogodoc-sdks/sdks/typescript/src/sdk/api/resources/documents/client/requests/InitializeRenderJobRequest.ts","all":true,"statementMap":{"19":{"start":{"line":20,"column":0},"end":{"line":20,"column":45}},"21":{"start":{"line":22,"column":0},"end":{"line":22,"column":25}},"22":{"start":{"line":23,"column":0},"end":{"line":23,"column":21}},"23":{"start":{"line":24,"column":0},"end":{"line":24,"column":21}},"24":{"start":{"line":25,"column":0},"end":{"line":25,"column":21}},"25":{"start":{"line":26,"column":0},"end":{"line":26,"column":19}},"26":{"start":{"line":27,"column":0},"end":{"line":27,"column":21}},"27":{"start":{"line":28,"column":0},"end":{"line":28,"column":23}},"28":{"start":{"line":29,"column":0},"end":{"line":29,"column":23}},"29":{"start":{"line":30,"column":0},"end":{"line":30,"column":15}},"31":{"start":{"line":32,"column":0},"end":{"line":32,"column":27}},"32":{"start":{"line":33,"column":0},"end":{"line":33,"column":19}},"33":{"start":{"line":34,"column":0},"end":{"line":34,"column":21}},"34":{"start":{"line":35,"column":0},"end":{"line":35,"column":21}},"35":{"start":{"line":36,"column":0},"end":{"line":36,"column":21}},"36":{"start":{"line":37,"column":0},"end":{"line":37,"column":21}},"37":{"start":{"line":38,"column":0},"end":{"line":38,"column":19}},"38":{"start":{"line":39,"column":0},"end":{"line":39,"column":19}},"39":{"start":{"line":40,"column":0},"end":{"line":40,"column":15}},"48":{"start":{"line":49,"column":0},"end":{"line":49,"column":33}},"50":{"start":{"line":51,"column":0},"end":{"line":51,"column":31}},"51":{"start":{"line":52,"column":0},"end":{"line":52,"column":29}},"52":{"start":{"line":53,"column":0},"end":{"line":53,"column":27}},"53":{"start":{"line":54,"column":0},"end":{"line":54,"column":31}},"54":{"start":{"line":55,"column":0},"end":{"line":55,"column":29}},"55":{"start":{"li
[...]
end":{"line":215,"column":28}},"215":{"start":{"line":216,"column":0},"end":{"line":216,"column":46}},"216":{"start":{"line":217,"column":0},"end":{"line":217,"column":17}},"217":{"start":{"line":218,"column":0},"end":{"line":218,"column":13}},"218":{"start":{"line":219,"column":0},"end":{"line":219,"column":25}},"219":{"start":{"line":220,"column":0},"end":{"line":220,"column":39}},"220":{"start":{"line":221,"column":0},"end":{"line":221,"column":9}},"221":{"start":{"line":222,"column":0},"end":{"line":222,"column":5}},"223":{"start":{"line":224,"column":0},"end":{"line":224,"column":65}},"224":{"start":{"line":225,"column":0},"end":{"line":225,"column":16}},"225":{"start":{"line":226,"column":0},"end":{"line":226,"column":31}},"226":{"start":{"line":227,"column":0},"end":{"line":227,"column":34}},"227":{"start":{"line":228,"column":0},"end":{"line":228,"column":52}},"228":{"start":{"line":229,"column":0},"end":{"line":229,"column":54}},"229":{"start":{"line":230,"column":0},"end":{"line":230,"column":23}},"230":{"start":{"line":231,"column":0},"end":{"line":231,"column":17}},"231":{"start":{"line":232,"column":0},"end":{"line":232,"column":65}},"232":{"start":{"line":233,"column":0},"end":{"line":233,"column":27}},"233":{"start":{"line":234,"column":0},"end":{"line":234,"column":60}},"234":{"start":{"line":235,"column":0},"end":{"line":235,"column":17}},"235":{"start":{"line":236,"column":0},"end":{"line":236,"column":46}},"236":{"start":{"line":237,"column":0},"end":{"line":237,"column":14}},"237":{"start":{"line":238,"column":0},"end":{"line":238,"column":38}},"238":{"start":{"line":239,"column":0},"end":{"line":239,"column":28}},"239":{"start":{"line":240,"column":0},"end":{"line":240,"column":14}},"240":{"start":{"line":241,"column":0},"end":{"line":241,"column":10}},"241":{"start":{"line":242,"column":0},"end":{"line":242,"column":5}},"242":{"start":{"line":243,"column":0},"end":{"line":243,"column":1}}},"s":{"4":0,"6":0,"14":0,"15":0,"16":0,"17":0,"18":0,"19":0,"20":0,"21":0,"22":0,"23":0,"24":0,"25":0,"26":0,"27":0,"28":0,"29":0,"31":0,"32":0,"33":0,"35":0,"36":0,"37":0,"39":0,"40":0,"41":0,"42":0,"43":0,"44":0,"45":0,"46":0,"47":0,"48":0,"49":0,"51":0,"52":0,"53":0,"54":0,"55":0,"56":0,"57":0,"58":0,"60":0,"61":0,"62":0,"63":0,"64":0,"65":0,"66":0,"67":0,"69":0,"71":0,"72":0,"74":0,"75":0,"76":0,"77":0,"78":0,"80":0,"81":0,"82":0,"83":0,"84":0,"85":0,"86":0,"87":0,"88":0,"90":0,"91":0,"92":0,"93":0,"94":0,"95":0,"96":0,"97":0,"99":0,"100":0,"101":0,"102":0,"103":0,"104":0,"105":0,"106":0,"107":0,"109":0,"110":0,"111":0,"112":0,"113":0,"114":0,"115":0,"116":0,"117":0,"118":0,"120":0,"121":0,"122":0,"123":0,"125":0,"126":0,"127":0,"128":0,"129":0,"130":0,"131":0,"132":0,"133":0,"134":0,"136":0,"137":0,"138":0,"140":0,"141":0,"142":0,"143":0,"144":0,"145":0,"146":0,"147":0,"148":0,"149":0,"150":0,"151":0,"153":0,"154":0,"155":0,"157":0,"158":0,"160":0,"161":0,"162":0,"163":0,"164":0,"165":0,"166":0,"167":0,"168":0,"170":0,"171":0,"172":0,"174":0,"175":0,"176":0,"177":0,"179":0,"180":0,"181":0,"183":0,"184":0,"185":0,"187":0,"188":0,"189":0,"191":0,"192":0,"193":0,"194":0,"195":0,"196":0,"197":0,"199":0,"200":0,"201":0,"202":0,"203":0,"204":0,"205":0,"206":0,"207":0,"208":0,"209":0,"210":0,"211":0,"212":0,"213":0,"214":0,"215":0,"216":0,"217":0,"218":0,"219":0,"220":0,"221":0,"223":0,"224":0,"225":0,"226":0,"227":0,"228":0,"229":0,"230":0,"231":0,"232":0,"233":0,"234":0,"235":0,"236":0,"237":0,"238":0,"239":0,"240":0,"241":0,"242":0},"branchMap":{"0":{"type":"branch","line":1,"loc":{"start":{"line":1,"column":6984},"end":{"line":243,"column":1}},"locations":[{"start":{"line":1,"column":6984},"end":{"line":243,"column":1}}]}},"b":{"0":[1]},"fnMap":{"0":{"name":"(empty-report)","decl":{"start":{"line":1,"column":6984},"end":{"line":243,"column":1}},"loc":{"start":{"line":1,"column":6984},"end":{"line":243,"column":1}},"line":1}},"f":{"0":1}}
,"/Users/martin/projects/pogodoc-sdks/sdks/typescript/src/sdk/core/fetcher/stream-wrappers/chooseStreamWrapper.ts": {"path":"/Users/martin/projects/pogodoc-sdks/sdks/typescript/src/sdk/core/fetcher/stream-wrappers/chooseStreamWrapper.ts","all":false,"statementMap":{"2":{"start":{"line":3,"column":0},"end":{"line":3,"column":49}},"23":{"start":{"line":24,"column":0},"end":{"line":24,"column":105}},"24":{"start":{"line":25,"column":0},"end":{"line":25,"column":98}},"25":{"start":{"line":26,"column":0},"end":{"line":26,"column":97}},"26":{"start":{"line":27,"column":0},"end":{"line":27,"column":43}},"27":{"start":{"line":28,"column":0},"end":{"line":28,"column":10}},"28":{"start":{"line":29,"column":0},"end":{"line":29,"column":72}},"29":{"start":{"line":30,"column":0},"end":{"line":30,"column":111}},"30":{"start":{"line":31,"column":0},"end":{"line":31,"column":12}},"31":{"start":{"line":32,"column":0},"end":{"line":32,"column":111}},"32":{"start":{"line":33,"column":0},"end":{"line":33,"column":5}},"33":{"start":{"line":34,"column":0},"end":{"line":34,"column":1}}},"s":{"2":1,"23":0,"24":0,"25":0,"26":0,"27":0,"28":0,"29":0,"30":0,"31":0,"32":0,"33":0},"branchMap":{},"b":{},"fnMap":{"0":{"name":"chooseStreamWrapper","decl":{"start":{"line":24,"column":0},"end":{"line":34,"column":1}},"loc":{"start":{"line":24,"column":0},"end":{"line":34,"column":1}},"line":24}},"f":{"0":0}}
,"/Users/martin/projects/pogodoc-sdks/sdks/typescript/src/sdk/core/runtime/index.ts": {"path":"/Users/martin/projects/pogodoc-sdks/sdks/typescript/src/sdk/core/runtime/index.ts","all":false,"statementMap":{"0":{"start":{"line":1,"column":0},"end":{"line":1,"column":39}}},"s":{"0":1},"branchMap":{},"b":{},"fnMap":{},"f":{}}
,"/Users/martin/projects/pogodoc-sdks/sdks/typescript/src/sdk/core/runtime/runtime.ts": {"path":"/Users/martin/projects/pogodoc-sdks/sdks/typescript/src/sdk/core/runtime/runtime.ts","all":false,"statementMap":{"17":{"start":{"line":18,"column":0},"end":{"line":18,"column":50}},"25":{"start":{"line":26,"column":0},"end":{"line":26,"column":37}},"29":{"start":{"line":30,"column":0},"end":{"line":30,"column":94}},"30":{"start":{"line":31,"column":0},"end":{"line":31,"column":20}},"31":{"start":{"line":32,"column":0},"end":{"line":32,"column":16}},"32":{"start":{"line":33,"column":0},"end":{"line":33,"column":28}},"33":{"start":{"line":34,"column":0},"end":{"line":34,"column":48}},"34":{"start":{"line":35,"column":0},"end":{"line":35,"column":10}},"35":{"start":{"line":36,"column":0},"end":{"line":36,"column":5}},"41":{"start":{"line":42,"column":0},"end":{"line":42,"column":120}},"42":{"start":{"line":43,"column":0},"end":{"line":43,"column":23}},"43":{"start":{"line":44,"column":0},"end":{"line":44,"column":16}},"44":{"start":{"line":45,"column":0},"end":{"line":45,"column":28}},"45":{"start":{"line":46,"column":0},"end":{"line":46,"column":10}},"46":{"start":{"line":47,"column":0},"end":{"line":47,"column":5}},"52":{"start":{"line":53,"column":0},"end":{"line":53,"column":58}},"53":{"start":{"line":54,"column":0},"end":{"line":54,"column":24}},"54":{"start":{"line":55,"column":0},"end":{"line":55,"column":16}},"55":{"start":{"line":56,"column":0},"end":{"line":56,"column":33}},"56":{"start":{"line":57,"column":0},"end":{"line":57,"column":10}},"57":{"start":{"line":58,"column":0},"end":{"line":58,"column":5}},"62":{"start":{"line":63,"column":0},"end":{"line":63,"column":23}},"63":{"start":{"line":64,"column":0},"end":{"line":64,"column":35}},"65":{"start":{"line":66,"column":0},"end":{"line":66,"column":52}},"66":{"start":{"line":67,"column":0},"end":{"line":67,"column":67}},"67":{"start":{"line":68,"column":0},"end":{"line":68,"column":68}},"68":{"start":{"line":69,"column":0},"end":{"line":69,"column":66}},"69":{"start":{"line":70,"column":0},"end":{"line":70,"column":22}},"70":{"start":{"line":71,"column":0},"end":{"line":71,"column":16}},"71":{"start":{"line":72,"column":0},"end":{"line":72,"column":31}},"72":{"start":{"line":73,"column":0},"end":{"line":73,"column":10}},"73":{"start":{"line":74,"column":0},"end":{"line":74,"column":5}},"79":{"start":{"line":80,"column":0},"end":{"line":80,"column":18}},"80":{"start":{"line":81,"column":0},"end":{"line":81,"column":119}},"81":{"start":{"line":82,"column":0},"end":{"line":82,"column":17}},"82":{"start":{"line":83,"column":0},"end":{"line":83,"column":16}},"83":{"start":{"line":84,"column":0},"end":{"line":84,"column":25}},"84":{"start":{"line":85,"column":0},"end":{"line":85,"column":39}},"85":{"start":{"line":86,"column":0},"end":{"line":86,"column":10}},"86":{"start":{"line":87,"column":0},"end":{"line":87,"column":5}},"91":{"start":{"line":92,"column":0},"end":{"line":92,"column":83}},"92":{"start":{"line":93,"column":0},"end":{"line":93,"column":16}},"93":{"start":{"line":94,"column":0},"end":{"line":94,"column":16}},"94":{"start":{"line":95,"column":0},"end":{"line":95,"column":24}},"95":{"start":{"line":96,"column":0},"end":{"line":96,"column":33}},"96":{"start":{"line":97,"column":0},"end":{"line":97,"column":10}},"97":{"start":{"line":98,"column":0},"end":{"line":98,"column":5}},"102":{"start":{"line":103,"column":0},"end":{"line":103,"column":18}},"103":{"start":{"line":104,"column":0},"end":{"line":104,"column":41}},"104":{"start":{"line":105,"column":0},"end":{"line":105,"column":31}},"105":{"start":{"line":106,"column":0},"end":{"line":106,"column":28}},"106":{"start":{"line":107,"column":0},"end":{"line":107,"column":32}},"107":{"start":{"line":108,"column":0},"end":{"line":108,"column":33}},"108":{"start":{"line":109,"column":0},"end":{"line":109,"column":17}},"109":{"start":{"line":110,"column":0},"end":{"line":110,"column":16}},"110":{"start":{"line":111,"column":0},"end":{"line":111,"column":25}},"111":{"start":{"line":112,"column":0},"end":{"line":112,"column":43}},"112":{"start":{"line":113,"column":0},"end":{"line":113,"column":71}},"113":{"start":{"line":114,"column":0},"end":{"line":114,"column":10}},"114":{"start":{"line":115,"column":0},"end":{"line":115,"column":5}},"120":{"start":{"line":121,"column":0},"end":{"line":121,"column":99}},"121":{"start":{"line":122,"column":0},"end":{"line":122,"column":24}},"122":{"start":{"line":123,"column":0},"end":{"line":123,"column":16}},"123":{"start":{"line":124,"column":0},"end":{"line":124,"column":33}},"124":{"start":{"line":125,"column":0},"end":{"line":125,"column":10}},"125":{"start":{"line":126,"column":0},"end":{"line":126,"column":5}},"127":{"start":{"line":128,"column":0},"end":{"line":128,"column":12}},"128":{"start":{"line":129,"column":0},"end":{"line":129,"column":24}},"129":{"start":{"line":130,"column":0},"end":{"line":130,"column":6}},"130":{"start":{"line":131,"column":0},"end":{"line":131,"column":1}}},"s":{"17":1,"25":2,"29":2,"30":2,"31":0,"32":0,"33":0,"34":0,"35":0,"41":2,"42":2,"43":0,"44":0,"45":0,"46":0,"52":2,"53":2,"54":0,"55":0,"56":0,"57":0,"62":2,"63":2,"65":0,"66":0,"67":0,"68":0,"69":2,"70":0,"71":0,"72":0,"73":0,"79":2,"80":2,"81":2,"82":0,"83":0,"84":0,"85":0,"86":0,"91":2,"92":2,"93":0,"94":0,"95":0,"96":0,"97":0,"102":2,"103":2,"104":2,"105":2,"106":2,"107":2,"108":2,"109":2,"110":2,"111":2,"112":2,"113":2,"114":2,"120":0,"121":2,"122":0,"123":0,"124":0,"125":0,"127":0,"128":0,"129":0,"130":0},"branchMap":{"0":{"type":"branch","line":26,"loc":{"start":{"line":26,"column":0},"end":{"line":131,"column":1}},"locations":[{"start":{"line":26,"column":0},"end":{"line":131,"column":1}}]},"1":{"type":"branch","line":30,"loc":{"start":{"line":30,"column":40},"end":{"line":30,"column":94}},"locations":[{"start":{"line":30,"column":40},"end":{"line":30,"column":94}}]},"2":{"type":"branch","line":31,"loc":{"start":{"line":31,"column":19},"end":{"line":36,"column":5}},"locations":[{"start":{"line":31,"column":19},"end":{"line":36,"column":5}}]},"3":{"type":"branch","line":42,"loc":{"start":{"line":42,"column":74},"end":{"line":42,"column":99}},"locations":[{"start":{"line":42,"column":74},"end":{"line":42,"column":99}}]},"4":{"type":"branch","line":43,"loc":{"start":{"line":43,"column":22},"end":{"line":47,"column":5}},"locations":[{"start":{"line":43,"column":22},"end":{"line":47,"column":5}}]},"5":{"type":"branch","line":54,"loc":{"start":{"line":54,"column":23},"end":{"line":58,"column":5}},"locations":[{"start":{"line":54,"column":23},"end":{"line":58,"column":5}}]},"6":{"type":"branch","line":64,"loc":{"start":{"line":64,"column":24},"end":{"line":66,"column":52}},"locations":[{"start":{"line":64,"column":24},"end":{"line":66,"column":52}}]},"7":{"type":"branch","line":66,"loc":{"start":{"line":66,"column":39},"end":{"line":69,"column":66}},"locations":[{"start":{"line":66,"column":39},"end":{"line":69,"column":66}}]},"8":{"type":"branch","line":70,"loc":{"start":{"line":70,"column":21},"end":{"line":74,"column":5}},"locations":[{"start":{"line":70,"column":21},"end":{"line":74,"column":5}}]},"9":{"type":"branch","line":81,"loc":{"start":{"line":81,"column":24},"end":{"line":81,"column":78}},"locations":[{"start":{"line":81,"column":24},"end":{"line":81,"column":78}}]},"10":{"type":"branch","line":81,"loc":{"start":{"line":81,"column":63},"end":{"line":81,"column":119}},"locations":[{"start":{"line":81,"column":63},"end":{"line":81,"column":119}}]},"11":{"type":"branch","line":82,"loc":{"start":{"line":82,"column":16},"end":{"line":87,"column":5}},"locations":[{"start":{"line":82,"column":16},"end":{"line":87,"column":5}}]},"12":{"type":"branch","line":92,"loc":{"start":{"line":92,"column":33},"end":{"line":92,"column":83}},"locations":[{"start":{"line":92,"column":33},"end":{"line":92,"column":83}}]},"13":{"type":"branch","line":93,"loc":{"start":{"line":93,"column":15},"end":{"line":98,"column":5}},"locations":[{"start":{"line":93,"column":15},"end":{"line":98,"column":5}}]},"14":{"type":"branch","line":115,"loc":{"start":{"line":115,"column":4},"end":{"line":121,"column":99}},"locations":[{"start":{"line":115,"column":4},"end":{"line":121,"column":99}}]},"15":{"type":"branch","line":122,"loc":{"start":{"line":122,"column":23},"end":{"line":131,"column":1}},"locations":[{"start":{"line":122,"column":23},"end":{"line":131,"column":1}}]}},"b":{"0":[2],"1":[0],"2":[0],"3":[0],"4":[0],"5":[0],"6":[0],"7":[0],"8":[0],"9":[0],"10":[0],"11":[0],"12":[0],"13":[0],"14":[0],"15":[0]},"fnMap":{"0":{"name":"evaluateRuntime","decl":{"start":{"line":26,"column":0},"end":{"line":131,"column":1}},"loc":{"start":{"line":26,"column":0},"end":{"line":131,"column":1}},"line":26}},"f":{"0":2}}
,"/Users/martin/projects/pogodoc-sdks/sdks/typescript/src/sdk/errors/PogodocApiError.ts": {"path":"/Users/martin/projects/pogodoc-sdks/sdks/typescript/src/sdk/errors/PogodocApiError.ts","all":false,"statementMap":{"5":{"start":{"line":6,"column":0},"end":{"line":6,"column":41}},"7":{"start":{"line":8,"column":0},"end":{"line":8,"column":44}},"12":{"start":{"line":13,"column":0},"end":{"line":13,"column":17}},"13":{"start":{"line":14,"column":0},"end":{"line":14,"column":16}},"14":{"start":{"line":15,"column":0},"end":{"line":15,"column":19}},"15":{"start":{"line":16,"column":0},"end":{"line":16,"column":13}},"16":{"start":{"line":17,"column":0},"end":{"line":17,"column":20}},"17":{"start":{"line":18,"column":0},"end":{"line":18,"column":8}},"22":{"start":{"line":23,"column":0},"end":{"line":23,"column":8}},"23":{"start":{"line":24,"column":0},"end":{"line":24,"column":59}},"24":{"start":{"line":25,"column":0},"end":{"line":25,"column":63}},"25":{"start":{"line":26,"column":0},"end":{"line":26,"column":37}},"26":{"start":{"line":27,"column":0},"end":{"line":27,"column":25}},"27":{"start":{"line":28,"column":0},"end":{"line":28,"column":39}},"28":{"start":{"line":29,"column":0},"end":{"line":29,"column":5}},"29":{"start":{"line":30,"column":0},"end":{"line":30,"column":1}},"31":{"start":{"line":32,"column":0},"end":{"line":32,"column":23}},"32":{"start":{"line":33,"column":0},"end":{"line":33,"column":12}},"33":{"start":{"line":34,"column":0},"end":{"line":34,"column":15}},"34":{"start":{"line":35,"column":0},"end":{"line":35,"column":9}},"35":{"start":{"line":36,"column":0},"end":{"line":36,"column":4}},"39":{"start":{"line":40,"column":0},"end":{"line":40,"column":12}},"40":{"start":{"line":41,"column":0},"end":{"line":41,"column":29}},"41":{"start":{"line":42,"column":0},"end":{"line":42,"column":26}},"42":{"start":{"line":43,"column":0},"end":{"line":43,"column":28}},"43":{"start":{"line":44,"column":0},"end":{"line":44,"column":5}},"45":{"start":{"line":46,"column":0},"end":{"line":46,"column":29}},"46":{"start":{"line":47,"column":0},"end":{"line":47,"column":60}},"47":{"start":{"line":48,"column":0},"end":{"line":48,"column":5}},"49":{"start":{"line":50,"column":0},"end":{"line":50,"column":23}},"50":{"start":{"line":51,"column":0},"end":{"line":51,"column":58}},"51":{"start":{"line":52,"column":0},"end":{"line":52,"column":5}},"53":{"start":{"line":54,"column":0},"end":{"line":54,"column":28}},"54":{"start":{"line":55,"column":0},"end":{"line":55,"column":1}}},"s":{"5":1,"7":1,"12":1,"13":45,"14":45,"15":45,"16":45,"17":45,"22":45,"23":45,"24":45,"25":45,"26":45,"27":45,"28":45,"29":1,"31":45,"32":45,"33":45,"34":45,"35":45,"39":45,"40":45,"41":45,"42":15,"43":15,"45":45,"46":30,"47":30,"49":45,"50":30,"51":30,"53":45,"54":45},"branchMap":{"0":{"type":"branch","line":13,"loc":{"start":{"line":13,"column":4},"end":{"line":29,"column":5}},"locations":[{"start":{"line":13,"column":4},"end":{"line":29,"column":5}}]},"1":{"type":"branch","line":32,"loc":{"start":{"line":32,"column":0},"end":{"line":55,"column":1}},"locations":[{"start":{"line":32,"column":0},"end":{"line":55,"column":1}}]},"2":{"type":"branch","line":42,"loc":{"start":{"line":42,"column":25},"end":{"line":44,"column":5}},"locations":[{"start":{"line":42,"column":25},"end":{"line":44,"column":5}}]},"3":{"type":"branch","line":46,"loc":{"start":{"line":46,"column":28},"end":{"line":48,"column":5}},"locations":[{"start":{"line":46,"column":28},"end":{"line":48,"column":5}}]},"4":{"type":"branch","line":50,"loc":{"start":{"line":50,"column":22},"end":{"line":52,"column":5}},"locations":[{"start":{"line":50,"column":22},"end":{"line":52,"column":5}}]}},"b":{"0":[45],"1":[45],"2":[15],"3":[30],"4":[30]},"fnMap":{"0":{"name":"PogodocApiError","decl":{"start":{"line":13,"column":4},"end":{"line":29,"column":5}},"loc":{"start":{"line":13,"column":4},"end":{"line":29,"column":5}},"line":13},"1":{"name":"buildMessage","decl":{"start":{"line":32,"column":0},"end":{"line":55,"column":1}},"loc":{"start":{"line":32,"column":0},"end":{"line":55,"column":1}},"line":32}},"f":{"0":45,"1":45}}
,"/Users/martin/projects/pogodoc-sdks/sdks/typescript/src/sdk/errors/PogodocApiTimeoutError.ts": {"path":"/Users/martin/projects/pogodoc-sdks/sdks/typescript/src/sdk/errors/PogodocApiTimeoutError.ts","all":false,"statementMap":{"4":{"start":{"line":5,"column":0},"end":{"line":5,"column":51}},"5":{"start":{"line":6,"column":0},"end":{"line":6,"column":34}},"6":{"start":{"line":7,"column":0},"end":{"line":7,"column":23}},"7":{"start":{"line":8,"column":0},"end":{"line":8,"column":70}},"8":{"start":{"line":9,"column":0},"end":{"line":9,"column":5}},"9":{"start":{"line":10,"column":0},"end":{"line":10,"column":1}}},"s":{"4":1,"5":1,"6":15,"7":15,"8":15,"9":1},"branchMap":{"0":{"type":"branch","line":6,"loc":{"start":{"line":6,"column":4},"end":{"line":9,"column":5}},"locations":[{"start":{"line":6,"column":4},"end":{"line":9,"column":5}}]}},"b":{"0":[15]},"fnMap":{"0":{"name":"PogodocApiTimeoutError","decl":{"start":{"line":6,"column":4},"end":{"line":9,"column":5}},"loc":{"start":{"line":6,"column":4},"end":{"line":9,"column":5}},"line":6}},"f":{"0":15}}
,"/Users/martin/projects/pogodoc-sdks/sdks/typescript/src/sdk/errors/index.ts": {"path":"/Users/martin/projects/pogodoc-sdks/sdks/typescript/src/sdk/errors/index.ts","all":false,"statementMap":{"0":{"start":{"line":1,"column":0},"end":{"line":1,"column":55}},"1":{"start":{"line":2,"column":0},"end":{"line":2,"column":69}}},"s":{"0":1,"1":1},"branchMap":{},"b":{},"fnMap":{},"f":{}}
}
